22-02-2024 16:40:37.369 [main] [APP_NAME_IS_UNDEFINED] INFO c.i.p.ProjectNameApplicationKt.logStarting - Starting ProjectNameApplicationKt using Java 21.0.2 with PID 7624 (C:\Users\Ayoung\Projects\Learn\kotlin-springboot\project-name\project-name\target\classes started by Ayoung in C:\Users\Ayoung\Projects\Learn\kotlin-springboot\project-name\project-name)
22-02-2024 16:40:37.374 [main] [APP_NAME_IS_UNDEFINED] INFO c.i.p.ProjectNameApplicationKt.logStartupProfileInfo - No active profile set, falling back to 1 default profile: "default"
22-02-2024 16:40:38.138 [main] [APP_NAME_IS_UNDEFINED] INFO o.s.d.r.c.RepositoryConfigurationDelegate.registerRepositoriesIn - Bootstrapping Spring Data JPA repositories in DEFAULT mode.
22-02-2024 16:40:38.161 [main] [APP_NAME_IS_UNDEFINED] INFO o.s.d.r.c.RepositoryConfigurationDelegate.registerRepositoriesIn - Finished Spring Data repository scanning in 14 ms. Found 0 JPA repository interfaces.
22-02-2024 16:40:38.439 [main] [APP_NAME_IS_UNDEFINED] WARN o.s.c.a.AnnotationConfigApplicationContext.refresh - Exception encountered during context initialization - cancelling refresh attempt: org.springframework.beans.factory.UnsatisfiedDependencyException: Error creating bean with name 'dataSourceScriptDatabaseInitializer' defined in class path resource [org/springframework/boot/autoconfigure/sql/init/DataSourceInitializationConfiguration.class]: Unsatisfied dependency expressed through method 'dataSourceScriptDatabaseInitializer' parameter 0: Error creating bean with name 'dataSource' defined in class path resource [org/springframework/boot/autoconfigure/jdbc/DataSourceConfiguration$Hikari.class]: Failed to instantiate [com.zaxxer.hikari.HikariDataSource]: Factory method 'dataSource' threw exception with message: Failed to determine a suitable driver class
22-02-2024 16:40:38.449 [main] [APP_NAME_IS_UNDEFINED] INFO o.s.b.a.l.ConditionEvaluationReportLogger.logMessage - 

Error starting ApplicationContext. To display the condition evaluation report re-run your application with 'debug' enabled.
22-02-2024 16:40:38.467 [main] [APP_NAME_IS_UNDEFINED] ERRORo.s.b.d.LoggingFailureAnalysisReporter.report - 

***************************
APPLICATION FAILED TO START
***************************

Description:

Failed to configure a DataSource: 'url' attribute is not specified and no embedded datasource could be configured.

Reason: Failed to determine a suitable driver class


Action:

Consider the following:
	If you want an embedded database (H2, HSQL or Derby), please put it on the classpath.
	If you have database settings to be loaded from a particular profile you may need to activate it (no profiles are currently active).

22-02-2024 16:42:49.700 [main] [APP_NAME_IS_UNDEFINED] INFO c.i.p.ProjectNameApplicationKt.logStarting - Starting ProjectNameApplicationKt using Java 21.0.2 with PID 22848 (C:\Users\Ayoung\Projects\Learn\kotlin-springboot\project-name\project-name\target\classes started by Ayoung in C:\Users\Ayoung\Projects\Learn\kotlin-springboot\project-name\project-name)
22-02-2024 16:42:49.704 [main] [APP_NAME_IS_UNDEFINED] INFO c.i.p.ProjectNameApplicationKt.logStartupProfileInfo - No active profile set, falling back to 1 default profile: "default"
22-02-2024 16:42:50.458 [main] [APP_NAME_IS_UNDEFINED] INFO o.s.d.r.c.RepositoryConfigurationDelegate.registerRepositoriesIn - Bootstrapping Spring Data JPA repositories in DEFAULT mode.
22-02-2024 16:42:50.479 [main] [APP_NAME_IS_UNDEFINED] INFO o.s.d.r.c.RepositoryConfigurationDelegate.registerRepositoriesIn - Finished Spring Data repository scanning in 12 ms. Found 0 JPA repository interfaces.
22-02-2024 16:42:50.839 [main] [APP_NAME_IS_UNDEFINED] INFO o.h.jpa.internal.util.LogHelper.logPersistenceUnitInformation - HHH000204: Processing PersistenceUnitInfo [name: default]
22-02-2024 16:42:50.907 [main] [APP_NAME_IS_UNDEFINED] INFO org.hibernate.Version.logVersion - HHH000412: Hibernate ORM core version 6.2.20.Final
22-02-2024 16:42:50.909 [main] [APP_NAME_IS_UNDEFINED] INFO org.hibernate.cfg.Environment.<clinit> - HHH000406: Using bytecode reflection optimizer
22-02-2024 16:42:51.212 [main] [APP_NAME_IS_UNDEFINED] INFO o.s.o.j.p.SpringPersistenceUnitInfo.addTransformer - No LoadTimeWeaver setup: ignoring JPA class transformer
22-02-2024 16:42:51.238 [main] [APP_NAME_IS_UNDEFINED] INFO com.zaxxer.hikari.HikariDataSource.getConnection - HikariPool-1 - Starting...
22-02-2024 16:42:51.497 [main] [APP_NAME_IS_UNDEFINED] INFO com.zaxxer.hikari.pool.HikariPool.checkFailFast - HikariPool-1 - Added connection org.postgresql.jdbc.PgConnection@73e776b7
22-02-2024 16:42:51.499 [main] [APP_NAME_IS_UNDEFINED] INFO com.zaxxer.hikari.HikariDataSource.getConnection - HikariPool-1 - Start completed.
22-02-2024 16:42:51.558 [main] [APP_NAME_IS_UNDEFINED] WARN org.hibernate.orm.deprecation.constructDialect - HHH90000025: PostgreSQLDialect does not need to be specified explicitly using 'hibernate.dialect' (remove the property setting and it will be selected by default)
22-02-2024 16:42:51.828 [main] [APP_NAME_IS_UNDEFINED] INFO o.h.e.t.j.p.i.JtaPlatformInitiator.initiateService - HHH000489: No JTA platform available (set 'hibernate.transaction.jta.platform' to enable JTA platform integration)
22-02-2024 16:42:51.834 [main] [APP_NAME_IS_UNDEFINED] INFO o.s.o.j.LocalContainerEntityManagerFactoryBean.buildNativeEntityManagerFactory - Initialized JPA EntityManagerFactory for persistence unit 'default'
22-02-2024 16:42:51.874 [main] [APP_NAME_IS_UNDEFINED] WARN o.s.c.a.AnnotationConfigApplicationContext.refresh - Exception encountered during context initialization - cancelling refresh attempt: org.springframework.beans.factory.BeanCreationException: Error creating bean with name 'globalExceptionHandler': Lookup method resolution failed
22-02-2024 16:42:51.874 [main] [APP_NAME_IS_UNDEFINED] INFO o.s.o.j.LocalContainerEntityManagerFactoryBean.destroy - Closing JPA EntityManagerFactory for persistence unit 'default'
22-02-2024 16:42:51.877 [main] [APP_NAME_IS_UNDEFINED] INFO com.zaxxer.hikari.HikariDataSource.close - HikariPool-1 - Shutdown initiated...
22-02-2024 16:42:51.910 [main] [APP_NAME_IS_UNDEFINED] INFO com.zaxxer.hikari.HikariDataSource.close - HikariPool-1 - Shutdown completed.
22-02-2024 16:42:51.917 [main] [APP_NAME_IS_UNDEFINED] INFO o.s.b.a.l.ConditionEvaluationReportLogger.logMessage - 

Error starting ApplicationContext. To display the condition evaluation report re-run your application with 'debug' enabled.
22-02-2024 16:42:51.934 [main] [APP_NAME_IS_UNDEFINED] ERRORo.s.boot.SpringApplication.reportFailure - Application run failed
org.springframework.beans.factory.BeanCreationException: Error creating bean with name 'globalExceptionHandler': Lookup method resolution failed
	at org.springframework.beans.factory.annotation.AutowiredAnnotationBeanPostProcessor.checkLookupMethods(AutowiredAnnotationBeanPostProcessor.java:486)
	at org.springframework.beans.factory.annotation.AutowiredAnnotationBeanPostProcessor.determineCandidateConstructors(AutowiredAnnotationBeanPostProcessor.java:356)
	at org.springframework.beans.factory.support.AbstractAutowireCapableBeanFactory.determineConstructorsFromBeanPostProcessors(AbstractAutowireCapableBeanFactory.java:1289)
	at org.springframework.beans.factory.support.AbstractAutowireCapableBeanFactory.createBeanInstance(AbstractAutowireCapableBeanFactory.java:1184)
	at org.springframework.beans.factory.support.AbstractAutowireCapableBeanFactory.doCreateBean(AbstractAutowireCapableBeanFactory.java:558)
	at org.springframework.beans.factory.support.AbstractAutowireCapableBeanFactory.createBean(AbstractAutowireCapableBeanFactory.java:518)
	at org.springframework.beans.factory.support.AbstractBeanFactory.lambda$doGetBean$0(AbstractBeanFactory.java:325)
	at org.springframework.beans.factory.support.DefaultSingletonBeanRegistry.getSingleton(DefaultSingletonBeanRegistry.java:234)
	at org.springframework.beans.factory.support.AbstractBeanFactory.doGetBean(AbstractBeanFactory.java:323)
	at org.springframework.beans.factory.support.AbstractBeanFactory.getBean(AbstractBeanFactory.java:199)
	at org.springframework.beans.factory.support.DefaultListableBeanFactory.preInstantiateSingletons(DefaultListableBeanFactory.java:973)
	at org.springframework.context.support.AbstractApplicationContext.finishBeanFactoryInitialization(AbstractApplicationContext.java:949)
	at org.springframework.context.support.AbstractApplicationContext.refresh(AbstractApplicationContext.java:615)
	at org.springframework.boot.SpringApplication.refresh(SpringApplication.java:738)
	at org.springframework.boot.SpringApplication.refreshContext(SpringApplication.java:440)
	at org.springframework.boot.SpringApplication.run(SpringApplication.java:324)
	at org.springframework.boot.SpringApplication.run(SpringApplication.java:1317)
	at org.springframework.boot.SpringApplication.run(SpringApplication.java:1306)
	at com.ig.projectname.ProjectNameApplicationKt.main(ProjectNameApplication.kt:17)
Caused by: java.lang.IllegalStateException: Failed to introspect Class [com.ig.core_backend.core.GlobalExceptionHandler] from ClassLoader [jdk.internal.loader.ClassLoaders$AppClassLoader@76ed5528]
	at org.springframework.util.ReflectionUtils.getDeclaredMethods(ReflectionUtils.java:483)
	at org.springframework.util.ReflectionUtils.doWithLocalMethods(ReflectionUtils.java:320)
	at org.springframework.beans.factory.annotation.AutowiredAnnotationBeanPostProcessor.checkLookupMethods(AutowiredAnnotationBeanPostProcessor.java:464)
	... 18 common frames omitted
Caused by: java.lang.NoClassDefFoundError: jakarta/servlet/ServletException
	at java.base/java.lang.ClassLoader.defineClass1(Native Method)
	at java.base/java.lang.ClassLoader.defineClass(ClassLoader.java:1027)
	at java.base/java.security.SecureClassLoader.defineClass(SecureClassLoader.java:150)
	at java.base/jdk.internal.loader.BuiltinClassLoader.defineClass(BuiltinClassLoader.java:862)
	at java.base/jdk.internal.loader.BuiltinClassLoader.findClassOnClassPathOrNull(BuiltinClassLoader.java:760)
	at java.base/jdk.internal.loader.BuiltinClassLoader.loadClassOrNull(BuiltinClassLoader.java:681)
	at java.base/jdk.internal.loader.BuiltinClassLoader.loadClass(BuiltinClassLoader.java:639)
	at java.base/jdk.internal.loader.ClassLoaders$AppClassLoader.loadClass(ClassLoaders.java:188)
	at java.base/java.lang.ClassLoader.loadClass(ClassLoader.java:526)
	at java.base/java.lang.ClassLoader.defineClass1(Native Method)
	at java.base/java.lang.ClassLoader.defineClass(ClassLoader.java:1027)
	at java.base/java.security.SecureClassLoader.defineClass(SecureClassLoader.java:150)
	at java.base/jdk.internal.loader.BuiltinClassLoader.defineClass(BuiltinClassLoader.java:862)
	at java.base/jdk.internal.loader.BuiltinClassLoader.findClassOnClassPathOrNull(BuiltinClassLoader.java:760)
	at java.base/jdk.internal.loader.BuiltinClassLoader.loadClassOrNull(BuiltinClassLoader.java:681)
	at java.base/jdk.internal.loader.BuiltinClassLoader.loadClass(BuiltinClassLoader.java:639)
	at java.base/jdk.internal.loader.ClassLoaders$AppClassLoader.loadClass(ClassLoaders.java:188)
	at java.base/java.lang.ClassLoader.loadClass(ClassLoader.java:526)
	at java.base/java.lang.ClassLoader.defineClass1(Native Method)
	at java.base/java.lang.ClassLoader.defineClass(ClassLoader.java:1027)
	at java.base/java.security.SecureClassLoader.defineClass(SecureClassLoader.java:150)
	at java.base/jdk.internal.loader.BuiltinClassLoader.defineClass(BuiltinClassLoader.java:862)
	at java.base/jdk.internal.loader.BuiltinClassLoader.findClassOnClassPathOrNull(BuiltinClassLoader.java:760)
	at java.base/jdk.internal.loader.BuiltinClassLoader.loadClassOrNull(BuiltinClassLoader.java:681)
	at java.base/jdk.internal.loader.BuiltinClassLoader.loadClass(BuiltinClassLoader.java:639)
	at java.base/jdk.internal.loader.ClassLoaders$AppClassLoader.loadClass(ClassLoaders.java:188)
	at java.base/java.lang.ClassLoader.loadClass(ClassLoader.java:526)
	at java.base/java.lang.Class.getDeclaredMethods0(Native Method)
	at java.base/java.lang.Class.privateGetDeclaredMethods(Class.java:3578)
	at java.base/java.lang.Class.getDeclaredMethods(Class.java:2676)
	at org.springframework.util.ReflectionUtils.getDeclaredMethods(ReflectionUtils.java:465)
	... 20 common frames omitted
Caused by: java.lang.ClassNotFoundException: jakarta.servlet.ServletException
	at java.base/jdk.internal.loader.BuiltinClassLoader.loadClass(BuiltinClassLoader.java:641)
	at java.base/jdk.internal.loader.ClassLoaders$AppClassLoader.loadClass(ClassLoaders.java:188)
	at java.base/java.lang.ClassLoader.loadClass(ClassLoader.java:526)
	... 51 common frames omitted
22-02-2024 16:49:51.029 [main] [APP_NAME_IS_UNDEFINED] INFO c.i.p.ProjectNameApplicationKt.logStarting - Starting ProjectNameApplicationKt using Java 21.0.2 with PID 21432 (C:\Users\Ayoung\Projects\Learn\kotlin-springboot\project-name\project-name\target\classes started by Ayoung in C:\Users\Ayoung\Projects\Learn\kotlin-springboot\project-name\project-name)
22-02-2024 16:49:51.034 [main] [APP_NAME_IS_UNDEFINED] INFO c.i.p.ProjectNameApplicationKt.logStartupProfileInfo - No active profile set, falling back to 1 default profile: "default"
22-02-2024 16:49:51.914 [main] [APP_NAME_IS_UNDEFINED] INFO o.s.d.r.c.RepositoryConfigurationDelegate.registerRepositoriesIn - Bootstrapping Spring Data JPA repositories in DEFAULT mode.
22-02-2024 16:49:51.940 [main] [APP_NAME_IS_UNDEFINED] INFO o.s.d.r.c.RepositoryConfigurationDelegate.registerRepositoriesIn - Finished Spring Data repository scanning in 17 ms. Found 0 JPA repository interfaces.
22-02-2024 16:49:52.355 [main] [APP_NAME_IS_UNDEFINED] INFO o.h.jpa.internal.util.LogHelper.logPersistenceUnitInformation - HHH000204: Processing PersistenceUnitInfo [name: default]
22-02-2024 16:49:52.420 [main] [APP_NAME_IS_UNDEFINED] INFO org.hibernate.Version.logVersion - HHH000412: Hibernate ORM core version 6.2.20.Final
22-02-2024 16:49:52.422 [main] [APP_NAME_IS_UNDEFINED] INFO org.hibernate.cfg.Environment.<clinit> - HHH000406: Using bytecode reflection optimizer
22-02-2024 16:49:52.741 [main] [APP_NAME_IS_UNDEFINED] INFO o.s.o.j.p.SpringPersistenceUnitInfo.addTransformer - No LoadTimeWeaver setup: ignoring JPA class transformer
22-02-2024 16:49:52.767 [main] [APP_NAME_IS_UNDEFINED] INFO com.zaxxer.hikari.HikariDataSource.getConnection - HikariPool-1 - Starting...
22-02-2024 16:49:52.948 [main] [APP_NAME_IS_UNDEFINED] INFO com.zaxxer.hikari.pool.HikariPool.checkFailFast - HikariPool-1 - Added connection org.postgresql.jdbc.PgConnection@36f6e521
22-02-2024 16:49:52.949 [main] [APP_NAME_IS_UNDEFINED] INFO com.zaxxer.hikari.HikariDataSource.getConnection - HikariPool-1 - Start completed.
22-02-2024 16:49:52.983 [main] [APP_NAME_IS_UNDEFINED] WARN org.hibernate.orm.deprecation.constructDialect - HHH90000025: PostgreSQLDialect does not need to be specified explicitly using 'hibernate.dialect' (remove the property setting and it will be selected by default)
22-02-2024 16:49:53.300 [main] [APP_NAME_IS_UNDEFINED] INFO o.h.e.t.j.p.i.JtaPlatformInitiator.initiateService - HHH000489: No JTA platform available (set 'hibernate.transaction.jta.platform' to enable JTA platform integration)
22-02-2024 16:49:53.305 [main] [APP_NAME_IS_UNDEFINED] INFO o.s.o.j.LocalContainerEntityManagerFactoryBean.buildNativeEntityManagerFactory - Initialized JPA EntityManagerFactory for persistence unit 'default'
22-02-2024 16:49:53.340 [main] [APP_NAME_IS_UNDEFINED] WARN o.s.c.a.AnnotationConfigApplicationContext.refresh - Exception encountered during context initialization - cancelling refresh attempt: org.springframework.beans.factory.BeanCreationException: Error creating bean with name 'globalExceptionHandler': Lookup method resolution failed
22-02-2024 16:49:53.341 [main] [APP_NAME_IS_UNDEFINED] INFO o.s.o.j.LocalContainerEntityManagerFactoryBean.destroy - Closing JPA EntityManagerFactory for persistence unit 'default'
22-02-2024 16:49:53.344 [main] [APP_NAME_IS_UNDEFINED] INFO com.zaxxer.hikari.HikariDataSource.close - HikariPool-1 - Shutdown initiated...
22-02-2024 16:49:53.350 [main] [APP_NAME_IS_UNDEFINED] INFO com.zaxxer.hikari.HikariDataSource.close - HikariPool-1 - Shutdown completed.
22-02-2024 16:49:53.359 [main] [APP_NAME_IS_UNDEFINED] INFO o.s.b.a.l.ConditionEvaluationReportLogger.logMessage - 

Error starting ApplicationContext. To display the condition evaluation report re-run your application with 'debug' enabled.
22-02-2024 16:49:53.379 [main] [APP_NAME_IS_UNDEFINED] ERRORo.s.boot.SpringApplication.reportFailure - Application run failed
org.springframework.beans.factory.BeanCreationException: Error creating bean with name 'globalExceptionHandler': Lookup method resolution failed
	at org.springframework.beans.factory.annotation.AutowiredAnnotationBeanPostProcessor.checkLookupMethods(AutowiredAnnotationBeanPostProcessor.java:486)
	at org.springframework.beans.factory.annotation.AutowiredAnnotationBeanPostProcessor.determineCandidateConstructors(AutowiredAnnotationBeanPostProcessor.java:356)
	at org.springframework.beans.factory.support.AbstractAutowireCapableBeanFactory.determineConstructorsFromBeanPostProcessors(AbstractAutowireCapableBeanFactory.java:1289)
	at org.springframework.beans.factory.support.AbstractAutowireCapableBeanFactory.createBeanInstance(AbstractAutowireCapableBeanFactory.java:1184)
	at org.springframework.beans.factory.support.AbstractAutowireCapableBeanFactory.doCreateBean(AbstractAutowireCapableBeanFactory.java:558)
	at org.springframework.beans.factory.support.AbstractAutowireCapableBeanFactory.createBean(AbstractAutowireCapableBeanFactory.java:518)
	at org.springframework.beans.factory.support.AbstractBeanFactory.lambda$doGetBean$0(AbstractBeanFactory.java:325)
	at org.springframework.beans.factory.support.DefaultSingletonBeanRegistry.getSingleton(DefaultSingletonBeanRegistry.java:234)
	at org.springframework.beans.factory.support.AbstractBeanFactory.doGetBean(AbstractBeanFactory.java:323)
	at org.springframework.beans.factory.support.AbstractBeanFactory.getBean(AbstractBeanFactory.java:199)
	at org.springframework.beans.factory.support.DefaultListableBeanFactory.preInstantiateSingletons(DefaultListableBeanFactory.java:973)
	at org.springframework.context.support.AbstractApplicationContext.finishBeanFactoryInitialization(AbstractApplicationContext.java:949)
	at org.springframework.context.support.AbstractApplicationContext.refresh(AbstractApplicationContext.java:615)
	at org.springframework.boot.SpringApplication.refresh(SpringApplication.java:738)
	at org.springframework.boot.SpringApplication.refreshContext(SpringApplication.java:440)
	at org.springframework.boot.SpringApplication.run(SpringApplication.java:324)
	at org.springframework.boot.SpringApplication.run(SpringApplication.java:1317)
	at org.springframework.boot.SpringApplication.run(SpringApplication.java:1306)
	at com.ig.projectname.ProjectNameApplicationKt.main(ProjectNameApplication.kt:17)
Caused by: java.lang.IllegalStateException: Failed to introspect Class [com.ig.core_backend.core.GlobalExceptionHandler] from ClassLoader [jdk.internal.loader.ClassLoaders$AppClassLoader@76ed5528]
	at org.springframework.util.ReflectionUtils.getDeclaredMethods(ReflectionUtils.java:483)
	at org.springframework.util.ReflectionUtils.doWithLocalMethods(ReflectionUtils.java:320)
	at org.springframework.beans.factory.annotation.AutowiredAnnotationBeanPostProcessor.checkLookupMethods(AutowiredAnnotationBeanPostProcessor.java:464)
	... 18 common frames omitted
Caused by: java.lang.NoClassDefFoundError: jakarta/servlet/ServletException
	at java.base/java.lang.ClassLoader.defineClass1(Native Method)
	at java.base/java.lang.ClassLoader.defineClass(ClassLoader.java:1027)
	at java.base/java.security.SecureClassLoader.defineClass(SecureClassLoader.java:150)
	at java.base/jdk.internal.loader.BuiltinClassLoader.defineClass(BuiltinClassLoader.java:862)
	at java.base/jdk.internal.loader.BuiltinClassLoader.findClassOnClassPathOrNull(BuiltinClassLoader.java:760)
	at java.base/jdk.internal.loader.BuiltinClassLoader.loadClassOrNull(BuiltinClassLoader.java:681)
	at java.base/jdk.internal.loader.BuiltinClassLoader.loadClass(BuiltinClassLoader.java:639)
	at java.base/jdk.internal.loader.ClassLoaders$AppClassLoader.loadClass(ClassLoaders.java:188)
	at java.base/java.lang.ClassLoader.loadClass(ClassLoader.java:526)
	at java.base/java.lang.Class.getDeclaredMethods0(Native Method)
	at java.base/java.lang.Class.privateGetDeclaredMethods(Class.java:3578)
	at java.base/java.lang.Class.getDeclaredMethods(Class.java:2676)
	at org.springframework.util.ReflectionUtils.getDeclaredMethods(ReflectionUtils.java:465)
	... 20 common frames omitted
Caused by: java.lang.ClassNotFoundException: jakarta.servlet.ServletException
	at java.base/jdk.internal.loader.BuiltinClassLoader.loadClass(BuiltinClassLoader.java:641)
	at java.base/jdk.internal.loader.ClassLoaders$AppClassLoader.loadClass(ClassLoaders.java:188)
	at java.base/java.lang.ClassLoader.loadClass(ClassLoader.java:526)
	... 33 common frames omitted
22-02-2024 16:50:06.373 [main] [APP_NAME_IS_UNDEFINED] INFO c.i.p.ProjectNameApplicationKt.logStarting - Starting ProjectNameApplicationKt using Java 17.0.10 with PID 31764 (C:\Users\Ayoung\Projects\Learn\kotlin-springboot\project-name\project-name\target\classes started by Ayoung in C:\Users\Ayoung\Projects\Learn\kotlin-springboot\project-name\project-name)
22-02-2024 16:50:06.376 [main] [APP_NAME_IS_UNDEFINED] INFO c.i.p.ProjectNameApplicationKt.logStartupProfileInfo - No active profile set, falling back to 1 default profile: "default"
22-02-2024 16:50:07.172 [main] [APP_NAME_IS_UNDEFINED] INFO o.s.d.r.c.RepositoryConfigurationDelegate.registerRepositoriesIn - Bootstrapping Spring Data JPA repositories in DEFAULT mode.
22-02-2024 16:50:07.192 [main] [APP_NAME_IS_UNDEFINED] INFO o.s.d.r.c.RepositoryConfigurationDelegate.registerRepositoriesIn - Finished Spring Data repository scanning in 13 ms. Found 0 JPA repository interfaces.
22-02-2024 16:50:07.564 [main] [APP_NAME_IS_UNDEFINED] INFO o.h.jpa.internal.util.LogHelper.logPersistenceUnitInformation - HHH000204: Processing PersistenceUnitInfo [name: default]
22-02-2024 16:50:07.610 [main] [APP_NAME_IS_UNDEFINED] INFO org.hibernate.Version.logVersion - HHH000412: Hibernate ORM core version 6.2.20.Final
22-02-2024 16:50:07.613 [main] [APP_NAME_IS_UNDEFINED] INFO org.hibernate.cfg.Environment.<clinit> - HHH000406: Using bytecode reflection optimizer
22-02-2024 16:50:07.917 [main] [APP_NAME_IS_UNDEFINED] INFO o.s.o.j.p.SpringPersistenceUnitInfo.addTransformer - No LoadTimeWeaver setup: ignoring JPA class transformer
22-02-2024 16:50:07.950 [main] [APP_NAME_IS_UNDEFINED] INFO com.zaxxer.hikari.HikariDataSource.getConnection - HikariPool-1 - Starting...
22-02-2024 16:50:08.183 [main] [APP_NAME_IS_UNDEFINED] INFO com.zaxxer.hikari.pool.HikariPool.checkFailFast - HikariPool-1 - Added connection org.postgresql.jdbc.PgConnection@32256e68
22-02-2024 16:50:08.186 [main] [APP_NAME_IS_UNDEFINED] INFO com.zaxxer.hikari.HikariDataSource.getConnection - HikariPool-1 - Start completed.
22-02-2024 16:50:08.223 [main] [APP_NAME_IS_UNDEFINED] WARN org.hibernate.orm.deprecation.constructDialect - HHH90000025: PostgreSQLDialect does not need to be specified explicitly using 'hibernate.dialect' (remove the property setting and it will be selected by default)
22-02-2024 16:50:08.503 [main] [APP_NAME_IS_UNDEFINED] INFO o.h.e.t.j.p.i.JtaPlatformInitiator.initiateService - HHH000489: No JTA platform available (set 'hibernate.transaction.jta.platform' to enable JTA platform integration)
22-02-2024 16:50:08.508 [main] [APP_NAME_IS_UNDEFINED] INFO o.s.o.j.LocalContainerEntityManagerFactoryBean.buildNativeEntityManagerFactory - Initialized JPA EntityManagerFactory for persistence unit 'default'
22-02-2024 16:50:08.536 [main] [APP_NAME_IS_UNDEFINED] WARN o.s.c.a.AnnotationConfigApplicationContext.refresh - Exception encountered during context initialization - cancelling refresh attempt: org.springframework.beans.factory.BeanCreationException: Error creating bean with name 'globalExceptionHandler': Lookup method resolution failed
22-02-2024 16:50:08.536 [main] [APP_NAME_IS_UNDEFINED] INFO o.s.o.j.LocalContainerEntityManagerFactoryBean.destroy - Closing JPA EntityManagerFactory for persistence unit 'default'
22-02-2024 16:50:08.539 [main] [APP_NAME_IS_UNDEFINED] INFO com.zaxxer.hikari.HikariDataSource.close - HikariPool-1 - Shutdown initiated...
22-02-2024 16:50:08.564 [main] [APP_NAME_IS_UNDEFINED] INFO com.zaxxer.hikari.HikariDataSource.close - HikariPool-1 - Shutdown completed.
22-02-2024 16:50:08.571 [main] [APP_NAME_IS_UNDEFINED] INFO o.s.b.a.l.ConditionEvaluationReportLogger.logMessage - 

Error starting ApplicationContext. To display the condition evaluation report re-run your application with 'debug' enabled.
22-02-2024 16:50:08.587 [main] [APP_NAME_IS_UNDEFINED] ERRORo.s.boot.SpringApplication.reportFailure - Application run failed
org.springframework.beans.factory.BeanCreationException: Error creating bean with name 'globalExceptionHandler': Lookup method resolution failed
	at org.springframework.beans.factory.annotation.AutowiredAnnotationBeanPostProcessor.checkLookupMethods(AutowiredAnnotationBeanPostProcessor.java:486)
	at org.springframework.beans.factory.annotation.AutowiredAnnotationBeanPostProcessor.determineCandidateConstructors(AutowiredAnnotationBeanPostProcessor.java:356)
	at org.springframework.beans.factory.support.AbstractAutowireCapableBeanFactory.determineConstructorsFromBeanPostProcessors(AbstractAutowireCapableBeanFactory.java:1289)
	at org.springframework.beans.factory.support.AbstractAutowireCapableBeanFactory.createBeanInstance(AbstractAutowireCapableBeanFactory.java:1184)
	at org.springframework.beans.factory.support.AbstractAutowireCapableBeanFactory.doCreateBean(AbstractAutowireCapableBeanFactory.java:558)
	at org.springframework.beans.factory.support.AbstractAutowireCapableBeanFactory.createBean(AbstractAutowireCapableBeanFactory.java:518)
	at org.springframework.beans.factory.support.AbstractBeanFactory.lambda$doGetBean$0(AbstractBeanFactory.java:325)
	at org.springframework.beans.factory.support.DefaultSingletonBeanRegistry.getSingleton(DefaultSingletonBeanRegistry.java:234)
	at org.springframework.beans.factory.support.AbstractBeanFactory.doGetBean(AbstractBeanFactory.java:323)
	at org.springframework.beans.factory.support.AbstractBeanFactory.getBean(AbstractBeanFactory.java:199)
	at org.springframework.beans.factory.support.DefaultListableBeanFactory.preInstantiateSingletons(DefaultListableBeanFactory.java:973)
	at org.springframework.context.support.AbstractApplicationContext.finishBeanFactoryInitialization(AbstractApplicationContext.java:949)
	at org.springframework.context.support.AbstractApplicationContext.refresh(AbstractApplicationContext.java:615)
	at org.springframework.boot.SpringApplication.refresh(SpringApplication.java:738)
	at org.springframework.boot.SpringApplication.refreshContext(SpringApplication.java:440)
	at org.springframework.boot.SpringApplication.run(SpringApplication.java:324)
	at org.springframework.boot.SpringApplication.run(SpringApplication.java:1317)
	at org.springframework.boot.SpringApplication.run(SpringApplication.java:1306)
	at com.ig.projectname.ProjectNameApplicationKt.main(ProjectNameApplication.kt:17)
Caused by: java.lang.IllegalStateException: Failed to introspect Class [com.ig.core_backend.core.GlobalExceptionHandler] from ClassLoader [jdk.internal.loader.ClassLoaders$AppClassLoader@1d44bcfa]
	at org.springframework.util.ReflectionUtils.getDeclaredMethods(ReflectionUtils.java:483)
	at org.springframework.util.ReflectionUtils.doWithLocalMethods(ReflectionUtils.java:320)
	at org.springframework.beans.factory.annotation.AutowiredAnnotationBeanPostProcessor.checkLookupMethods(AutowiredAnnotationBeanPostProcessor.java:464)
	... 18 common frames omitted
Caused by: java.lang.NoClassDefFoundError: jakarta/servlet/ServletException
	at java.base/java.lang.ClassLoader.defineClass1(Native Method)
	at java.base/java.lang.ClassLoader.defineClass(ClassLoader.java:1012)
	at java.base/java.security.SecureClassLoader.defineClass(SecureClassLoader.java:150)
	at java.base/jdk.internal.loader.BuiltinClassLoader.defineClass(BuiltinClassLoader.java:862)
	at java.base/jdk.internal.loader.BuiltinClassLoader.findClassOnClassPathOrNull(BuiltinClassLoader.java:760)
	at java.base/jdk.internal.loader.BuiltinClassLoader.loadClassOrNull(BuiltinClassLoader.java:681)
	at java.base/jdk.internal.loader.BuiltinClassLoader.loadClass(BuiltinClassLoader.java:639)
	at java.base/jdk.internal.loader.ClassLoaders$AppClassLoader.loadClass(ClassLoaders.java:188)
	at java.base/java.lang.ClassLoader.loadClass(ClassLoader.java:520)
	at java.base/java.lang.ClassLoader.defineClass1(Native Method)
	at java.base/java.lang.ClassLoader.defineClass(ClassLoader.java:1012)
	at java.base/java.security.SecureClassLoader.defineClass(SecureClassLoader.java:150)
	at java.base/jdk.internal.loader.BuiltinClassLoader.defineClass(BuiltinClassLoader.java:862)
	at java.base/jdk.internal.loader.BuiltinClassLoader.findClassOnClassPathOrNull(BuiltinClassLoader.java:760)
	at java.base/jdk.internal.loader.BuiltinClassLoader.loadClassOrNull(BuiltinClassLoader.java:681)
	at java.base/jdk.internal.loader.BuiltinClassLoader.loadClass(BuiltinClassLoader.java:639)
	at java.base/jdk.internal.loader.ClassLoaders$AppClassLoader.loadClass(ClassLoaders.java:188)
	at java.base/java.lang.ClassLoader.loadClass(ClassLoader.java:520)
	at java.base/java.lang.ClassLoader.defineClass1(Native Method)
	at java.base/java.lang.ClassLoader.defineClass(ClassLoader.java:1012)
	at java.base/java.security.SecureClassLoader.defineClass(SecureClassLoader.java:150)
	at java.base/jdk.internal.loader.BuiltinClassLoader.defineClass(BuiltinClassLoader.java:862)
	at java.base/jdk.internal.loader.BuiltinClassLoader.findClassOnClassPathOrNull(BuiltinClassLoader.java:760)
	at java.base/jdk.internal.loader.BuiltinClassLoader.loadClassOrNull(BuiltinClassLoader.java:681)
	at java.base/jdk.internal.loader.BuiltinClassLoader.loadClass(BuiltinClassLoader.java:639)
	at java.base/jdk.internal.loader.ClassLoaders$AppClassLoader.loadClass(ClassLoaders.java:188)
	at java.base/java.lang.ClassLoader.loadClass(ClassLoader.java:520)
	at java.base/java.lang.Class.getDeclaredMethods0(Native Method)
	at java.base/java.lang.Class.privateGetDeclaredMethods(Class.java:3402)
	at java.base/java.lang.Class.getDeclaredMethods(Class.java:2504)
	at org.springframework.util.ReflectionUtils.getDeclaredMethods(ReflectionUtils.java:465)
	... 20 common frames omitted
Caused by: java.lang.ClassNotFoundException: jakarta.servlet.ServletException
	at java.base/jdk.internal.loader.BuiltinClassLoader.loadClass(BuiltinClassLoader.java:641)
	at java.base/jdk.internal.loader.ClassLoaders$AppClassLoader.loadClass(ClassLoaders.java:188)
	at java.base/java.lang.ClassLoader.loadClass(ClassLoader.java:520)
	... 51 common frames omitted
22-02-2024 16:51:57.192 [main] [APP_NAME_IS_UNDEFINED] INFO c.i.p.ProjectNameApplicationKt.logStarting - Starting ProjectNameApplicationKt using Java 17.0.10 with PID 23428 (C:\Users\Ayoung\Projects\Learn\kotlin-springboot\project-name\project-name\target\classes started by Ayoung in C:\Users\Ayoung\Projects\Learn\kotlin-springboot\project-name\project-name)
22-02-2024 16:51:57.195 [main] [APP_NAME_IS_UNDEFINED] INFO c.i.p.ProjectNameApplicationKt.logStartupProfileInfo - No active profile set, falling back to 1 default profile: "default"
22-02-2024 16:51:58.157 [main] [APP_NAME_IS_UNDEFINED] INFO o.s.d.r.c.RepositoryConfigurationDelegate.registerRepositoriesIn - Bootstrapping Spring Data JPA repositories in DEFAULT mode.
22-02-2024 16:51:58.176 [main] [APP_NAME_IS_UNDEFINED] INFO o.s.d.r.c.RepositoryConfigurationDelegate.registerRepositoriesIn - Finished Spring Data repository scanning in 12 ms. Found 0 JPA repository interfaces.
22-02-2024 16:51:58.532 [main] [APP_NAME_IS_UNDEFINED] INFO o.h.jpa.internal.util.LogHelper.logPersistenceUnitInformation - HHH000204: Processing PersistenceUnitInfo [name: default]
22-02-2024 16:51:58.581 [main] [APP_NAME_IS_UNDEFINED] INFO org.hibernate.Version.logVersion - HHH000412: Hibernate ORM core version 6.2.20.Final
22-02-2024 16:51:58.582 [main] [APP_NAME_IS_UNDEFINED] INFO org.hibernate.cfg.Environment.<clinit> - HHH000406: Using bytecode reflection optimizer
22-02-2024 16:51:58.855 [main] [APP_NAME_IS_UNDEFINED] INFO o.s.o.j.p.SpringPersistenceUnitInfo.addTransformer - No LoadTimeWeaver setup: ignoring JPA class transformer
22-02-2024 16:51:58.883 [main] [APP_NAME_IS_UNDEFINED] INFO com.zaxxer.hikari.HikariDataSource.getConnection - HikariPool-1 - Starting...
22-02-2024 16:51:59.094 [main] [APP_NAME_IS_UNDEFINED] INFO com.zaxxer.hikari.pool.HikariPool.checkFailFast - HikariPool-1 - Added connection org.postgresql.jdbc.PgConnection@739831a4
22-02-2024 16:51:59.096 [main] [APP_NAME_IS_UNDEFINED] INFO com.zaxxer.hikari.HikariDataSource.getConnection - HikariPool-1 - Start completed.
22-02-2024 16:51:59.126 [main] [APP_NAME_IS_UNDEFINED] WARN org.hibernate.orm.deprecation.constructDialect - HHH90000025: PostgreSQLDialect does not need to be specified explicitly using 'hibernate.dialect' (remove the property setting and it will be selected by default)
22-02-2024 16:51:59.386 [main] [APP_NAME_IS_UNDEFINED] INFO o.h.e.t.j.p.i.JtaPlatformInitiator.initiateService - HHH000489: No JTA platform available (set 'hibernate.transaction.jta.platform' to enable JTA platform integration)
22-02-2024 16:51:59.390 [main] [APP_NAME_IS_UNDEFINED] INFO o.s.o.j.LocalContainerEntityManagerFactoryBean.buildNativeEntityManagerFactory - Initialized JPA EntityManagerFactory for persistence unit 'default'
22-02-2024 16:51:59.418 [main] [APP_NAME_IS_UNDEFINED] WARN o.s.c.a.AnnotationConfigApplicationContext.refresh - Exception encountered during context initialization - cancelling refresh attempt: org.springframework.beans.factory.BeanCreationException: Error creating bean with name 'globalExceptionHandler': Lookup method resolution failed
22-02-2024 16:51:59.418 [main] [APP_NAME_IS_UNDEFINED] INFO o.s.o.j.LocalContainerEntityManagerFactoryBean.destroy - Closing JPA EntityManagerFactory for persistence unit 'default'
22-02-2024 16:51:59.421 [main] [APP_NAME_IS_UNDEFINED] INFO com.zaxxer.hikari.HikariDataSource.close - HikariPool-1 - Shutdown initiated...
22-02-2024 16:51:59.449 [main] [APP_NAME_IS_UNDEFINED] INFO com.zaxxer.hikari.HikariDataSource.close - HikariPool-1 - Shutdown completed.
22-02-2024 16:51:59.455 [main] [APP_NAME_IS_UNDEFINED] INFO o.s.b.a.l.ConditionEvaluationReportLogger.logMessage - 

Error starting ApplicationContext. To display the condition evaluation report re-run your application with 'debug' enabled.
22-02-2024 16:51:59.472 [main] [APP_NAME_IS_UNDEFINED] ERRORo.s.boot.SpringApplication.reportFailure - Application run failed
org.springframework.beans.factory.BeanCreationException: Error creating bean with name 'globalExceptionHandler': Lookup method resolution failed
	at org.springframework.beans.factory.annotation.AutowiredAnnotationBeanPostProcessor.checkLookupMethods(AutowiredAnnotationBeanPostProcessor.java:486)
	at org.springframework.beans.factory.annotation.AutowiredAnnotationBeanPostProcessor.determineCandidateConstructors(AutowiredAnnotationBeanPostProcessor.java:356)
	at org.springframework.beans.factory.support.AbstractAutowireCapableBeanFactory.determineConstructorsFromBeanPostProcessors(AbstractAutowireCapableBeanFactory.java:1289)
	at org.springframework.beans.factory.support.AbstractAutowireCapableBeanFactory.createBeanInstance(AbstractAutowireCapableBeanFactory.java:1184)
	at org.springframework.beans.factory.support.AbstractAutowireCapableBeanFactory.doCreateBean(AbstractAutowireCapableBeanFactory.java:558)
	at org.springframework.beans.factory.support.AbstractAutowireCapableBeanFactory.createBean(AbstractAutowireCapableBeanFactory.java:518)
	at org.springframework.beans.factory.support.AbstractBeanFactory.lambda$doGetBean$0(AbstractBeanFactory.java:325)
	at org.springframework.beans.factory.support.DefaultSingletonBeanRegistry.getSingleton(DefaultSingletonBeanRegistry.java:234)
	at org.springframework.beans.factory.support.AbstractBeanFactory.doGetBean(AbstractBeanFactory.java:323)
	at org.springframework.beans.factory.support.AbstractBeanFactory.getBean(AbstractBeanFactory.java:199)
	at org.springframework.beans.factory.support.DefaultListableBeanFactory.preInstantiateSingletons(DefaultListableBeanFactory.java:973)
	at org.springframework.context.support.AbstractApplicationContext.finishBeanFactoryInitialization(AbstractApplicationContext.java:949)
	at org.springframework.context.support.AbstractApplicationContext.refresh(AbstractApplicationContext.java:615)
	at org.springframework.boot.SpringApplication.refresh(SpringApplication.java:738)
	at org.springframework.boot.SpringApplication.refreshContext(SpringApplication.java:440)
	at org.springframework.boot.SpringApplication.run(SpringApplication.java:324)
	at org.springframework.boot.SpringApplication.run(SpringApplication.java:1317)
	at org.springframework.boot.SpringApplication.run(SpringApplication.java:1306)
	at com.ig.projectname.ProjectNameApplicationKt.main(ProjectNameApplication.kt:17)
Caused by: java.lang.IllegalStateException: Failed to introspect Class [com.ig.core_backend.core.GlobalExceptionHandler] from ClassLoader [jdk.internal.loader.ClassLoaders$AppClassLoader@1d44bcfa]
	at org.springframework.util.ReflectionUtils.getDeclaredMethods(ReflectionUtils.java:483)
	at org.springframework.util.ReflectionUtils.doWithLocalMethods(ReflectionUtils.java:320)
	at org.springframework.beans.factory.annotation.AutowiredAnnotationBeanPostProcessor.checkLookupMethods(AutowiredAnnotationBeanPostProcessor.java:464)
	... 18 common frames omitted
Caused by: java.lang.NoClassDefFoundError: jakarta/servlet/ServletException
	at java.base/java.lang.ClassLoader.defineClass1(Native Method)
	at java.base/java.lang.ClassLoader.defineClass(ClassLoader.java:1012)
	at java.base/java.security.SecureClassLoader.defineClass(SecureClassLoader.java:150)
	at java.base/jdk.internal.loader.BuiltinClassLoader.defineClass(BuiltinClassLoader.java:862)
	at java.base/jdk.internal.loader.BuiltinClassLoader.findClassOnClassPathOrNull(BuiltinClassLoader.java:760)
	at java.base/jdk.internal.loader.BuiltinClassLoader.loadClassOrNull(BuiltinClassLoader.java:681)
	at java.base/jdk.internal.loader.BuiltinClassLoader.loadClass(BuiltinClassLoader.java:639)
	at java.base/jdk.internal.loader.ClassLoaders$AppClassLoader.loadClass(ClassLoaders.java:188)
	at java.base/java.lang.ClassLoader.loadClass(ClassLoader.java:520)
	at java.base/java.lang.Class.getDeclaredMethods0(Native Method)
	at java.base/java.lang.Class.privateGetDeclaredMethods(Class.java:3402)
	at java.base/java.lang.Class.getDeclaredMethods(Class.java:2504)
	at org.springframework.util.ReflectionUtils.getDeclaredMethods(ReflectionUtils.java:465)
	... 20 common frames omitted
Caused by: java.lang.ClassNotFoundException: jakarta.servlet.ServletException
	at java.base/jdk.internal.loader.BuiltinClassLoader.loadClass(BuiltinClassLoader.java:641)
	at java.base/jdk.internal.loader.ClassLoaders$AppClassLoader.loadClass(ClassLoaders.java:188)
	at java.base/java.lang.ClassLoader.loadClass(ClassLoader.java:520)
	... 33 common frames omitted
22-02-2024 16:52:22.907 [main] [APP_NAME_IS_UNDEFINED] INFO c.i.p.ProjectNameApplicationKt.logStarting - Starting ProjectNameApplicationKt using Java 17.0.10 with PID 9092 (C:\Users\Ayoung\Projects\Learn\kotlin-springboot\project-name\project-name\target\classes started by Ayoung in C:\Users\Ayoung\Projects\Learn\kotlin-springboot\project-name\project-name)
22-02-2024 16:52:22.915 [main] [APP_NAME_IS_UNDEFINED] INFO c.i.p.ProjectNameApplicationKt.logStartupProfileInfo - No active profile set, falling back to 1 default profile: "default"
22-02-2024 16:52:23.686 [main] [APP_NAME_IS_UNDEFINED] INFO o.s.d.r.c.RepositoryConfigurationDelegate.registerRepositoriesIn - Bootstrapping Spring Data JPA repositories in DEFAULT mode.
22-02-2024 16:52:23.705 [main] [APP_NAME_IS_UNDEFINED] INFO o.s.d.r.c.RepositoryConfigurationDelegate.registerRepositoriesIn - Finished Spring Data repository scanning in 11 ms. Found 0 JPA repository interfaces.
22-02-2024 16:52:24.076 [main] [APP_NAME_IS_UNDEFINED] INFO o.h.jpa.internal.util.LogHelper.logPersistenceUnitInformation - HHH000204: Processing PersistenceUnitInfo [name: default]
22-02-2024 16:52:24.131 [main] [APP_NAME_IS_UNDEFINED] INFO org.hibernate.Version.logVersion - HHH000412: Hibernate ORM core version 6.2.20.Final
22-02-2024 16:52:24.133 [main] [APP_NAME_IS_UNDEFINED] INFO org.hibernate.cfg.Environment.<clinit> - HHH000406: Using bytecode reflection optimizer
22-02-2024 16:52:24.408 [main] [APP_NAME_IS_UNDEFINED] INFO o.s.o.j.p.SpringPersistenceUnitInfo.addTransformer - No LoadTimeWeaver setup: ignoring JPA class transformer
22-02-2024 16:52:24.440 [main] [APP_NAME_IS_UNDEFINED] INFO com.zaxxer.hikari.HikariDataSource.getConnection - HikariPool-1 - Starting...
22-02-2024 16:52:24.621 [main] [APP_NAME_IS_UNDEFINED] INFO com.zaxxer.hikari.pool.HikariPool.checkFailFast - HikariPool-1 - Added connection org.postgresql.jdbc.PgConnection@377949f1
22-02-2024 16:52:24.623 [main] [APP_NAME_IS_UNDEFINED] INFO com.zaxxer.hikari.HikariDataSource.getConnection - HikariPool-1 - Start completed.
22-02-2024 16:52:24.658 [main] [APP_NAME_IS_UNDEFINED] WARN org.hibernate.orm.deprecation.constructDialect - HHH90000025: PostgreSQLDialect does not need to be specified explicitly using 'hibernate.dialect' (remove the property setting and it will be selected by default)
22-02-2024 16:52:24.941 [main] [APP_NAME_IS_UNDEFINED] INFO o.h.e.t.j.p.i.JtaPlatformInitiator.initiateService - HHH000489: No JTA platform available (set 'hibernate.transaction.jta.platform' to enable JTA platform integration)
22-02-2024 16:52:24.945 [main] [APP_NAME_IS_UNDEFINED] INFO o.s.o.j.LocalContainerEntityManagerFactoryBean.buildNativeEntityManagerFactory - Initialized JPA EntityManagerFactory for persistence unit 'default'
22-02-2024 16:52:24.973 [main] [APP_NAME_IS_UNDEFINED] WARN o.s.c.a.AnnotationConfigApplicationContext.refresh - Exception encountered during context initialization - cancelling refresh attempt: org.springframework.beans.factory.BeanCreationException: Error creating bean with name 'globalExceptionHandler': Lookup method resolution failed
22-02-2024 16:52:24.974 [main] [APP_NAME_IS_UNDEFINED] INFO o.s.o.j.LocalContainerEntityManagerFactoryBean.destroy - Closing JPA EntityManagerFactory for persistence unit 'default'
22-02-2024 16:52:24.977 [main] [APP_NAME_IS_UNDEFINED] INFO com.zaxxer.hikari.HikariDataSource.close - HikariPool-1 - Shutdown initiated...
22-02-2024 16:52:25.006 [main] [APP_NAME_IS_UNDEFINED] INFO com.zaxxer.hikari.HikariDataSource.close - HikariPool-1 - Shutdown completed.
22-02-2024 16:52:25.013 [main] [APP_NAME_IS_UNDEFINED] INFO o.s.b.a.l.ConditionEvaluationReportLogger.logMessage - 

Error starting ApplicationContext. To display the condition evaluation report re-run your application with 'debug' enabled.
22-02-2024 16:52:25.031 [main] [APP_NAME_IS_UNDEFINED] ERRORo.s.boot.SpringApplication.reportFailure - Application run failed
org.springframework.beans.factory.BeanCreationException: Error creating bean with name 'globalExceptionHandler': Lookup method resolution failed
	at org.springframework.beans.factory.annotation.AutowiredAnnotationBeanPostProcessor.checkLookupMethods(AutowiredAnnotationBeanPostProcessor.java:486)
	at org.springframework.beans.factory.annotation.AutowiredAnnotationBeanPostProcessor.determineCandidateConstructors(AutowiredAnnotationBeanPostProcessor.java:356)
	at org.springframework.beans.factory.support.AbstractAutowireCapableBeanFactory.determineConstructorsFromBeanPostProcessors(AbstractAutowireCapableBeanFactory.java:1289)
	at org.springframework.beans.factory.support.AbstractAutowireCapableBeanFactory.createBeanInstance(AbstractAutowireCapableBeanFactory.java:1184)
	at org.springframework.beans.factory.support.AbstractAutowireCapableBeanFactory.doCreateBean(AbstractAutowireCapableBeanFactory.java:558)
	at org.springframework.beans.factory.support.AbstractAutowireCapableBeanFactory.createBean(AbstractAutowireCapableBeanFactory.java:518)
	at org.springframework.beans.factory.support.AbstractBeanFactory.lambda$doGetBean$0(AbstractBeanFactory.java:325)
	at org.springframework.beans.factory.support.DefaultSingletonBeanRegistry.getSingleton(DefaultSingletonBeanRegistry.java:234)
	at org.springframework.beans.factory.support.AbstractBeanFactory.doGetBean(AbstractBeanFactory.java:323)
	at org.springframework.beans.factory.support.AbstractBeanFactory.getBean(AbstractBeanFactory.java:199)
	at org.springframework.beans.factory.support.DefaultListableBeanFactory.preInstantiateSingletons(DefaultListableBeanFactory.java:973)
	at org.springframework.context.support.AbstractApplicationContext.finishBeanFactoryInitialization(AbstractApplicationContext.java:949)
	at org.springframework.context.support.AbstractApplicationContext.refresh(AbstractApplicationContext.java:615)
	at org.springframework.boot.SpringApplication.refresh(SpringApplication.java:738)
	at org.springframework.boot.SpringApplication.refreshContext(SpringApplication.java:440)
	at org.springframework.boot.SpringApplication.run(SpringApplication.java:324)
	at org.springframework.boot.SpringApplication.run(SpringApplication.java:1317)
	at org.springframework.boot.SpringApplication.run(SpringApplication.java:1306)
	at com.ig.projectname.ProjectNameApplicationKt.main(ProjectNameApplication.kt:17)
Caused by: java.lang.IllegalStateException: Failed to introspect Class [com.ig.core_backend.core.GlobalExceptionHandler] from ClassLoader [jdk.internal.loader.ClassLoaders$AppClassLoader@1d44bcfa]
	at org.springframework.util.ReflectionUtils.getDeclaredMethods(ReflectionUtils.java:483)
	at org.springframework.util.ReflectionUtils.doWithLocalMethods(ReflectionUtils.java:320)
	at org.springframework.beans.factory.annotation.AutowiredAnnotationBeanPostProcessor.checkLookupMethods(AutowiredAnnotationBeanPostProcessor.java:464)
	... 18 common frames omitted
Caused by: java.lang.NoClassDefFoundError: jakarta/servlet/ServletException
	at java.base/java.lang.ClassLoader.defineClass1(Native Method)
	at java.base/java.lang.ClassLoader.defineClass(ClassLoader.java:1012)
	at java.base/java.security.SecureClassLoader.defineClass(SecureClassLoader.java:150)
	at java.base/jdk.internal.loader.BuiltinClassLoader.defineClass(BuiltinClassLoader.java:862)
	at java.base/jdk.internal.loader.BuiltinClassLoader.findClassOnClassPathOrNull(BuiltinClassLoader.java:760)
	at java.base/jdk.internal.loader.BuiltinClassLoader.loadClassOrNull(BuiltinClassLoader.java:681)
	at java.base/jdk.internal.loader.BuiltinClassLoader.loadClass(BuiltinClassLoader.java:639)
	at java.base/jdk.internal.loader.ClassLoaders$AppClassLoader.loadClass(ClassLoaders.java:188)
	at java.base/java.lang.ClassLoader.loadClass(ClassLoader.java:520)
	at java.base/java.lang.ClassLoader.defineClass1(Native Method)
	at java.base/java.lang.ClassLoader.defineClass(ClassLoader.java:1012)
	at java.base/java.security.SecureClassLoader.defineClass(SecureClassLoader.java:150)
	at java.base/jdk.internal.loader.BuiltinClassLoader.defineClass(BuiltinClassLoader.java:862)
	at java.base/jdk.internal.loader.BuiltinClassLoader.findClassOnClassPathOrNull(BuiltinClassLoader.java:760)
	at java.base/jdk.internal.loader.BuiltinClassLoader.loadClassOrNull(BuiltinClassLoader.java:681)
	at java.base/jdk.internal.loader.BuiltinClassLoader.loadClass(BuiltinClassLoader.java:639)
	at java.base/jdk.internal.loader.ClassLoaders$AppClassLoader.loadClass(ClassLoaders.java:188)
	at java.base/java.lang.ClassLoader.loadClass(ClassLoader.java:520)
	at java.base/java.lang.Class.getDeclaredMethods0(Native Method)
	at java.base/java.lang.Class.privateGetDeclaredMethods(Class.java:3402)
	at java.base/java.lang.Class.getDeclaredMethods(Class.java:2504)
	at org.springframework.util.ReflectionUtils.getDeclaredMethods(ReflectionUtils.java:465)
	... 20 common frames omitted
Caused by: java.lang.ClassNotFoundException: jakarta.servlet.ServletException
	at java.base/jdk.internal.loader.BuiltinClassLoader.loadClass(BuiltinClassLoader.java:641)
	at java.base/jdk.internal.loader.ClassLoaders$AppClassLoader.loadClass(ClassLoaders.java:188)
	at java.base/java.lang.ClassLoader.loadClass(ClassLoader.java:520)
	... 42 common frames omitted
22-02-2024 16:53:14.520 [main] [APP_NAME_IS_UNDEFINED] INFO c.i.p.ProjectNameApplicationKt.logStarting - Starting ProjectNameApplicationKt using Java 17.0.10 with PID 35760 (C:\Users\Ayoung\Projects\Learn\kotlin-springboot\project-name\project-name\target\classes started by Ayoung in C:\Users\Ayoung\Projects\Learn\kotlin-springboot\project-name\project-name)
22-02-2024 16:53:14.522 [main] [APP_NAME_IS_UNDEFINED] INFO c.i.p.ProjectNameApplicationKt.logStartupProfileInfo - No active profile set, falling back to 1 default profile: "default"
22-02-2024 16:53:15.174 [main] [APP_NAME_IS_UNDEFINED] INFO o.s.d.r.c.RepositoryConfigurationDelegate.registerRepositoriesIn - Bootstrapping Spring Data JPA repositories in DEFAULT mode.
22-02-2024 16:53:15.202 [main] [APP_NAME_IS_UNDEFINED] INFO o.s.d.r.c.RepositoryConfigurationDelegate.registerRepositoriesIn - Finished Spring Data repository scanning in 9 ms. Found 0 JPA repository interfaces.
22-02-2024 16:53:15.797 [main] [APP_NAME_IS_UNDEFINED] INFO o.h.jpa.internal.util.LogHelper.logPersistenceUnitInformation - HHH000204: Processing PersistenceUnitInfo [name: default]
22-02-2024 16:53:15.843 [main] [APP_NAME_IS_UNDEFINED] INFO org.hibernate.Version.logVersion - HHH000412: Hibernate ORM core version 6.2.20.Final
22-02-2024 16:53:15.845 [main] [APP_NAME_IS_UNDEFINED] INFO org.hibernate.cfg.Environment.<clinit> - HHH000406: Using bytecode reflection optimizer
22-02-2024 16:53:16.113 [main] [APP_NAME_IS_UNDEFINED] INFO o.s.o.j.p.SpringPersistenceUnitInfo.addTransformer - No LoadTimeWeaver setup: ignoring JPA class transformer
22-02-2024 16:53:16.153 [main] [APP_NAME_IS_UNDEFINED] INFO com.zaxxer.hikari.HikariDataSource.getConnection - HikariPool-1 - Starting...
22-02-2024 16:53:16.330 [main] [APP_NAME_IS_UNDEFINED] INFO com.zaxxer.hikari.pool.HikariPool.checkFailFast - HikariPool-1 - Added connection org.postgresql.jdbc.PgConnection@26582ca
22-02-2024 16:53:16.332 [main] [APP_NAME_IS_UNDEFINED] INFO com.zaxxer.hikari.HikariDataSource.getConnection - HikariPool-1 - Start completed.
22-02-2024 16:53:16.369 [main] [APP_NAME_IS_UNDEFINED] WARN org.hibernate.orm.deprecation.constructDialect - HHH90000025: PostgreSQLDialect does not need to be specified explicitly using 'hibernate.dialect' (remove the property setting and it will be selected by default)
22-02-2024 16:53:16.651 [main] [APP_NAME_IS_UNDEFINED] INFO o.h.e.t.j.p.i.JtaPlatformInitiator.initiateService - HHH000489: No JTA platform available (set 'hibernate.transaction.jta.platform' to enable JTA platform integration)
22-02-2024 16:53:16.656 [main] [APP_NAME_IS_UNDEFINED] INFO o.s.o.j.LocalContainerEntityManagerFactoryBean.buildNativeEntityManagerFactory - Initialized JPA EntityManagerFactory for persistence unit 'default'
22-02-2024 16:53:16.686 [main] [APP_NAME_IS_UNDEFINED] WARN o.s.c.a.AnnotationConfigApplicationContext.refresh - Exception encountered during context initialization - cancelling refresh attempt: org.springframework.beans.factory.BeanCreationException: Error creating bean with name 'globalExceptionHandler': Lookup method resolution failed
22-02-2024 16:53:16.686 [main] [APP_NAME_IS_UNDEFINED] INFO o.s.o.j.LocalContainerEntityManagerFactoryBean.destroy - Closing JPA EntityManagerFactory for persistence unit 'default'
22-02-2024 16:53:16.689 [main] [APP_NAME_IS_UNDEFINED] INFO com.zaxxer.hikari.HikariDataSource.close - HikariPool-1 - Shutdown initiated...
22-02-2024 16:53:16.707 [main] [APP_NAME_IS_UNDEFINED] INFO com.zaxxer.hikari.HikariDataSource.close - HikariPool-1 - Shutdown completed.
22-02-2024 16:53:16.713 [main] [APP_NAME_IS_UNDEFINED] INFO o.s.b.a.l.ConditionEvaluationReportLogger.logMessage - 

Error starting ApplicationContext. To display the condition evaluation report re-run your application with 'debug' enabled.
22-02-2024 16:53:16.732 [main] [APP_NAME_IS_UNDEFINED] ERRORo.s.boot.SpringApplication.reportFailure - Application run failed
org.springframework.beans.factory.BeanCreationException: Error creating bean with name 'globalExceptionHandler': Lookup method resolution failed
	at org.springframework.beans.factory.annotation.AutowiredAnnotationBeanPostProcessor.checkLookupMethods(AutowiredAnnotationBeanPostProcessor.java:486)
	at org.springframework.beans.factory.annotation.AutowiredAnnotationBeanPostProcessor.determineCandidateConstructors(AutowiredAnnotationBeanPostProcessor.java:356)
	at org.springframework.beans.factory.support.AbstractAutowireCapableBeanFactory.determineConstructorsFromBeanPostProcessors(AbstractAutowireCapableBeanFactory.java:1289)
	at org.springframework.beans.factory.support.AbstractAutowireCapableBeanFactory.createBeanInstance(AbstractAutowireCapableBeanFactory.java:1184)
	at org.springframework.beans.factory.support.AbstractAutowireCapableBeanFactory.doCreateBean(AbstractAutowireCapableBeanFactory.java:558)
	at org.springframework.beans.factory.support.AbstractAutowireCapableBeanFactory.createBean(AbstractAutowireCapableBeanFactory.java:518)
	at org.springframework.beans.factory.support.AbstractBeanFactory.lambda$doGetBean$0(AbstractBeanFactory.java:325)
	at org.springframework.beans.factory.support.DefaultSingletonBeanRegistry.getSingleton(DefaultSingletonBeanRegistry.java:234)
	at org.springframework.beans.factory.support.AbstractBeanFactory.doGetBean(AbstractBeanFactory.java:323)
	at org.springframework.beans.factory.support.AbstractBeanFactory.getBean(AbstractBeanFactory.java:199)
	at org.springframework.beans.factory.support.DefaultListableBeanFactory.preInstantiateSingletons(DefaultListableBeanFactory.java:973)
	at org.springframework.context.support.AbstractApplicationContext.finishBeanFactoryInitialization(AbstractApplicationContext.java:949)
	at org.springframework.context.support.AbstractApplicationContext.refresh(AbstractApplicationContext.java:615)
	at org.springframework.boot.SpringApplication.refresh(SpringApplication.java:738)
	at org.springframework.boot.SpringApplication.refreshContext(SpringApplication.java:440)
	at org.springframework.boot.SpringApplication.run(SpringApplication.java:324)
	at org.springframework.boot.SpringApplication.run(SpringApplication.java:1317)
	at org.springframework.boot.SpringApplication.run(SpringApplication.java:1306)
	at com.ig.projectname.ProjectNameApplicationKt.main(ProjectNameApplication.kt:19)
Caused by: java.lang.IllegalStateException: Failed to introspect Class [com.ig.core_backend.core.GlobalExceptionHandler] from ClassLoader [jdk.internal.loader.ClassLoaders$AppClassLoader@1d44bcfa]
	at org.springframework.util.ReflectionUtils.getDeclaredMethods(ReflectionUtils.java:483)
	at org.springframework.util.ReflectionUtils.doWithLocalMethods(ReflectionUtils.java:320)
	at org.springframework.beans.factory.annotation.AutowiredAnnotationBeanPostProcessor.checkLookupMethods(AutowiredAnnotationBeanPostProcessor.java:464)
	... 18 common frames omitted
Caused by: java.lang.NoClassDefFoundError: jakarta/servlet/ServletException
	at java.base/java.lang.ClassLoader.defineClass1(Native Method)
	at java.base/java.lang.ClassLoader.defineClass(ClassLoader.java:1012)
	at java.base/java.security.SecureClassLoader.defineClass(SecureClassLoader.java:150)
	at java.base/jdk.internal.loader.BuiltinClassLoader.defineClass(BuiltinClassLoader.java:862)
	at java.base/jdk.internal.loader.BuiltinClassLoader.findClassOnClassPathOrNull(BuiltinClassLoader.java:760)
	at java.base/jdk.internal.loader.BuiltinClassLoader.loadClassOrNull(BuiltinClassLoader.java:681)
	at java.base/jdk.internal.loader.BuiltinClassLoader.loadClass(BuiltinClassLoader.java:639)
	at java.base/jdk.internal.loader.ClassLoaders$AppClassLoader.loadClass(ClassLoaders.java:188)
	at java.base/java.lang.ClassLoader.loadClass(ClassLoader.java:520)
	at java.base/java.lang.Class.getDeclaredMethods0(Native Method)
	at java.base/java.lang.Class.privateGetDeclaredMethods(Class.java:3402)
	at java.base/java.lang.Class.getDeclaredMethods(Class.java:2504)
	at org.springframework.util.ReflectionUtils.getDeclaredMethods(ReflectionUtils.java:465)
	... 20 common frames omitted
Caused by: java.lang.ClassNotFoundException: jakarta.servlet.ServletException
	at java.base/jdk.internal.loader.BuiltinClassLoader.loadClass(BuiltinClassLoader.java:641)
	at java.base/jdk.internal.loader.ClassLoaders$AppClassLoader.loadClass(ClassLoaders.java:188)
	at java.base/java.lang.ClassLoader.loadClass(ClassLoader.java:520)
	... 33 common frames omitted
22-02-2024 16:53:54.369 [main] [APP_NAME_IS_UNDEFINED] INFO c.i.p.ProjectNameApplicationKt.logStarting - Starting ProjectNameApplicationKt using Java 17.0.10 with PID 24528 (C:\Users\Ayoung\Projects\Learn\kotlin-springboot\project-name\project-name\target\classes started by Ayoung in C:\Users\Ayoung\Projects\Learn\kotlin-springboot\project-name\project-name)
22-02-2024 16:53:54.372 [main] [APP_NAME_IS_UNDEFINED] INFO c.i.p.ProjectNameApplicationKt.logStartupProfileInfo - No active profile set, falling back to 1 default profile: "default"
22-02-2024 16:53:54.992 [main] [APP_NAME_IS_UNDEFINED] INFO o.s.d.r.c.RepositoryConfigurationDelegate.registerRepositoriesIn - Bootstrapping Spring Data JPA repositories in DEFAULT mode.
22-02-2024 16:53:55.009 [main] [APP_NAME_IS_UNDEFINED] INFO o.s.d.r.c.RepositoryConfigurationDelegate.registerRepositoriesIn - Finished Spring Data repository scanning in 6 ms. Found 0 JPA repository interfaces.
22-02-2024 16:53:55.716 [main] [APP_NAME_IS_UNDEFINED] INFO o.h.jpa.internal.util.LogHelper.logPersistenceUnitInformation - HHH000204: Processing PersistenceUnitInfo [name: default]
22-02-2024 16:53:55.764 [main] [APP_NAME_IS_UNDEFINED] INFO org.hibernate.Version.logVersion - HHH000412: Hibernate ORM core version 6.2.20.Final
22-02-2024 16:53:55.766 [main] [APP_NAME_IS_UNDEFINED] INFO org.hibernate.cfg.Environment.<clinit> - HHH000406: Using bytecode reflection optimizer
22-02-2024 16:53:56.031 [main] [APP_NAME_IS_UNDEFINED] INFO o.s.o.j.p.SpringPersistenceUnitInfo.addTransformer - No LoadTimeWeaver setup: ignoring JPA class transformer
22-02-2024 16:53:56.062 [main] [APP_NAME_IS_UNDEFINED] INFO com.zaxxer.hikari.HikariDataSource.getConnection - HikariPool-1 - Starting...
22-02-2024 16:53:56.232 [main] [APP_NAME_IS_UNDEFINED] INFO com.zaxxer.hikari.pool.HikariPool.checkFailFast - HikariPool-1 - Added connection org.postgresql.jdbc.PgConnection@6a3fbcb1
22-02-2024 16:53:56.234 [main] [APP_NAME_IS_UNDEFINED] INFO com.zaxxer.hikari.HikariDataSource.getConnection - HikariPool-1 - Start completed.
22-02-2024 16:53:56.266 [main] [APP_NAME_IS_UNDEFINED] WARN org.hibernate.orm.deprecation.constructDialect - HHH90000025: PostgreSQLDialect does not need to be specified explicitly using 'hibernate.dialect' (remove the property setting and it will be selected by default)
22-02-2024 16:53:56.537 [main] [APP_NAME_IS_UNDEFINED] INFO o.h.e.t.j.p.i.JtaPlatformInitiator.initiateService - HHH000489: No JTA platform available (set 'hibernate.transaction.jta.platform' to enable JTA platform integration)
22-02-2024 16:53:56.541 [main] [APP_NAME_IS_UNDEFINED] INFO o.s.o.j.LocalContainerEntityManagerFactoryBean.buildNativeEntityManagerFactory - Initialized JPA EntityManagerFactory for persistence unit 'default'
22-02-2024 16:53:56.571 [main] [APP_NAME_IS_UNDEFINED] WARN o.s.c.a.AnnotationConfigApplicationContext.refresh - Exception encountered during context initialization - cancelling refresh attempt: org.springframework.beans.factory.BeanCreationException: Error creating bean with name 'globalExceptionHandler': Lookup method resolution failed
22-02-2024 16:53:56.572 [main] [APP_NAME_IS_UNDEFINED] INFO o.s.o.j.LocalContainerEntityManagerFactoryBean.destroy - Closing JPA EntityManagerFactory for persistence unit 'default'
22-02-2024 16:53:56.574 [main] [APP_NAME_IS_UNDEFINED] INFO com.zaxxer.hikari.HikariDataSource.close - HikariPool-1 - Shutdown initiated...
22-02-2024 16:53:56.592 [main] [APP_NAME_IS_UNDEFINED] INFO com.zaxxer.hikari.HikariDataSource.close - HikariPool-1 - Shutdown completed.
22-02-2024 16:53:56.599 [main] [APP_NAME_IS_UNDEFINED] INFO o.s.b.a.l.ConditionEvaluationReportLogger.logMessage - 

Error starting ApplicationContext. To display the condition evaluation report re-run your application with 'debug' enabled.
22-02-2024 16:53:56.617 [main] [APP_NAME_IS_UNDEFINED] ERRORo.s.boot.SpringApplication.reportFailure - Application run failed
org.springframework.beans.factory.BeanCreationException: Error creating bean with name 'globalExceptionHandler': Lookup method resolution failed
	at org.springframework.beans.factory.annotation.AutowiredAnnotationBeanPostProcessor.checkLookupMethods(AutowiredAnnotationBeanPostProcessor.java:486)
	at org.springframework.beans.factory.annotation.AutowiredAnnotationBeanPostProcessor.determineCandidateConstructors(AutowiredAnnotationBeanPostProcessor.java:356)
	at org.springframework.beans.factory.support.AbstractAutowireCapableBeanFactory.determineConstructorsFromBeanPostProcessors(AbstractAutowireCapableBeanFactory.java:1289)
	at org.springframework.beans.factory.support.AbstractAutowireCapableBeanFactory.createBeanInstance(AbstractAutowireCapableBeanFactory.java:1184)
	at org.springframework.beans.factory.support.AbstractAutowireCapableBeanFactory.doCreateBean(AbstractAutowireCapableBeanFactory.java:558)
	at org.springframework.beans.factory.support.AbstractAutowireCapableBeanFactory.createBean(AbstractAutowireCapableBeanFactory.java:518)
	at org.springframework.beans.factory.support.AbstractBeanFactory.lambda$doGetBean$0(AbstractBeanFactory.java:325)
	at org.springframework.beans.factory.support.DefaultSingletonBeanRegistry.getSingleton(DefaultSingletonBeanRegistry.java:234)
	at org.springframework.beans.factory.support.AbstractBeanFactory.doGetBean(AbstractBeanFactory.java:323)
	at org.springframework.beans.factory.support.AbstractBeanFactory.getBean(AbstractBeanFactory.java:199)
	at org.springframework.beans.factory.support.DefaultListableBeanFactory.preInstantiateSingletons(DefaultListableBeanFactory.java:973)
	at org.springframework.context.support.AbstractApplicationContext.finishBeanFactoryInitialization(AbstractApplicationContext.java:949)
	at org.springframework.context.support.AbstractApplicationContext.refresh(AbstractApplicationContext.java:615)
	at org.springframework.boot.SpringApplication.refresh(SpringApplication.java:738)
	at org.springframework.boot.SpringApplication.refreshContext(SpringApplication.java:440)
	at org.springframework.boot.SpringApplication.run(SpringApplication.java:324)
	at org.springframework.boot.SpringApplication.run(SpringApplication.java:1317)
	at org.springframework.boot.SpringApplication.run(SpringApplication.java:1306)
	at com.ig.projectname.ProjectNameApplicationKt.main(ProjectNameApplication.kt:19)
Caused by: java.lang.IllegalStateException: Failed to introspect Class [com.ig.core_backend.core.GlobalExceptionHandler] from ClassLoader [jdk.internal.loader.ClassLoaders$AppClassLoader@1d44bcfa]
	at org.springframework.util.ReflectionUtils.getDeclaredMethods(ReflectionUtils.java:483)
	at org.springframework.util.ReflectionUtils.doWithLocalMethods(ReflectionUtils.java:320)
	at org.springframework.beans.factory.annotation.AutowiredAnnotationBeanPostProcessor.checkLookupMethods(AutowiredAnnotationBeanPostProcessor.java:464)
	... 18 common frames omitted
Caused by: java.lang.NoClassDefFoundError: jakarta/servlet/ServletException
	at java.base/java.lang.ClassLoader.defineClass1(Native Method)
	at java.base/java.lang.ClassLoader.defineClass(ClassLoader.java:1012)
	at java.base/java.security.SecureClassLoader.defineClass(SecureClassLoader.java:150)
	at java.base/jdk.internal.loader.BuiltinClassLoader.defineClass(BuiltinClassLoader.java:862)
	at java.base/jdk.internal.loader.BuiltinClassLoader.findClassOnClassPathOrNull(BuiltinClassLoader.java:760)
	at java.base/jdk.internal.loader.BuiltinClassLoader.loadClassOrNull(BuiltinClassLoader.java:681)
	at java.base/jdk.internal.loader.BuiltinClassLoader.loadClass(BuiltinClassLoader.java:639)
	at java.base/jdk.internal.loader.ClassLoaders$AppClassLoader.loadClass(ClassLoaders.java:188)
	at java.base/java.lang.ClassLoader.loadClass(ClassLoader.java:520)
	at java.base/java.lang.Class.getDeclaredMethods0(Native Method)
	at java.base/java.lang.Class.privateGetDeclaredMethods(Class.java:3402)
	at java.base/java.lang.Class.getDeclaredMethods(Class.java:2504)
	at org.springframework.util.ReflectionUtils.getDeclaredMethods(ReflectionUtils.java:465)
	... 20 common frames omitted
Caused by: java.lang.ClassNotFoundException: jakarta.servlet.ServletException
	at java.base/jdk.internal.loader.BuiltinClassLoader.loadClass(BuiltinClassLoader.java:641)
	at java.base/jdk.internal.loader.ClassLoaders$AppClassLoader.loadClass(ClassLoaders.java:188)
	at java.base/java.lang.ClassLoader.loadClass(ClassLoader.java:520)
	... 33 common frames omitted
22-02-2024 16:56:24.698 [main] [APP_NAME_IS_UNDEFINED] INFO c.i.p.ProjectNameApplicationKt.logStarting - Starting ProjectNameApplicationKt using Java 17.0.10 with PID 34292 (C:\Users\Ayoung\Projects\Learn\kotlin-springboot\project-name\project-name\target\classes started by Ayoung in C:\Users\Ayoung\Projects\Learn\kotlin-springboot\project-name\project-name)
22-02-2024 16:56:24.700 [main] [APP_NAME_IS_UNDEFINED] INFO c.i.p.ProjectNameApplicationKt.logStartupProfileInfo - No active profile set, falling back to 1 default profile: "default"
22-02-2024 16:56:25.332 [main] [APP_NAME_IS_UNDEFINED] INFO o.s.d.r.c.RepositoryConfigurationDelegate.registerRepositoriesIn - Bootstrapping Spring Data JPA repositories in DEFAULT mode.
22-02-2024 16:56:25.347 [main] [APP_NAME_IS_UNDEFINED] INFO o.s.d.r.c.RepositoryConfigurationDelegate.registerRepositoriesIn - Finished Spring Data repository scanning in 6 ms. Found 0 JPA repository interfaces.
22-02-2024 16:56:25.969 [main] [APP_NAME_IS_UNDEFINED] INFO o.h.jpa.internal.util.LogHelper.logPersistenceUnitInformation - HHH000204: Processing PersistenceUnitInfo [name: default]
22-02-2024 16:56:26.031 [main] [APP_NAME_IS_UNDEFINED] INFO org.hibernate.Version.logVersion - HHH000412: Hibernate ORM core version 6.3.1.Final
22-02-2024 16:56:26.066 [main] [APP_NAME_IS_UNDEFINED] INFO o.h.c.i.RegionFactoryInitiator.initiateService - HHH000026: Second-level cache disabled
22-02-2024 16:56:26.356 [main] [APP_NAME_IS_UNDEFINED] INFO o.s.o.j.p.SpringPersistenceUnitInfo.addTransformer - No LoadTimeWeaver setup: ignoring JPA class transformer
22-02-2024 16:56:26.384 [main] [APP_NAME_IS_UNDEFINED] INFO com.zaxxer.hikari.HikariDataSource.getConnection - HikariPool-1 - Starting...
22-02-2024 16:56:26.589 [main] [APP_NAME_IS_UNDEFINED] INFO com.zaxxer.hikari.pool.HikariPool.checkFailFast - HikariPool-1 - Added connection org.postgresql.jdbc.PgConnection@6df4af5
22-02-2024 16:56:26.591 [main] [APP_NAME_IS_UNDEFINED] INFO com.zaxxer.hikari.HikariDataSource.getConnection - HikariPool-1 - Start completed.
22-02-2024 16:56:26.630 [main] [APP_NAME_IS_UNDEFINED] WARN org.hibernate.orm.deprecation.constructDialect - HHH90000025: PostgreSQLDialect does not need to be specified explicitly using 'hibernate.dialect' (remove the property setting and it will be selected by default)
22-02-2024 16:56:26.978 [main] [APP_NAME_IS_UNDEFINED] INFO o.h.e.t.j.p.i.JtaPlatformInitiator.initiateService - HHH000489: No JTA platform available (set 'hibernate.transaction.jta.platform' to enable JTA platform integration)
22-02-2024 16:56:26.982 [main] [APP_NAME_IS_UNDEFINED] INFO o.s.o.j.LocalContainerEntityManagerFactoryBean.buildNativeEntityManagerFactory - Initialized JPA EntityManagerFactory for persistence unit 'default'
22-02-2024 16:56:27.028 [main] [APP_NAME_IS_UNDEFINED] WARN o.s.c.a.AnnotationConfigApplicationContext.refresh - Exception encountered during context initialization - cancelling refresh attempt: org.springframework.beans.factory.BeanCreationException: Error creating bean with name 'globalExceptionHandler': Lookup method resolution failed
22-02-2024 16:56:27.028 [main] [APP_NAME_IS_UNDEFINED] INFO o.s.o.j.LocalContainerEntityManagerFactoryBean.destroy - Closing JPA EntityManagerFactory for persistence unit 'default'
22-02-2024 16:56:27.032 [main] [APP_NAME_IS_UNDEFINED] INFO com.zaxxer.hikari.HikariDataSource.close - HikariPool-1 - Shutdown initiated...
22-02-2024 16:56:27.037 [main] [APP_NAME_IS_UNDEFINED] INFO com.zaxxer.hikari.HikariDataSource.close - HikariPool-1 - Shutdown completed.
22-02-2024 16:56:27.045 [main] [APP_NAME_IS_UNDEFINED] INFO o.s.b.a.l.ConditionEvaluationReportLogger.logMessage - 

Error starting ApplicationContext. To display the condition evaluation report re-run your application with 'debug' enabled.
22-02-2024 16:56:27.064 [main] [APP_NAME_IS_UNDEFINED] ERRORo.s.boot.SpringApplication.reportFailure - Application run failed
org.springframework.beans.factory.BeanCreationException: Error creating bean with name 'globalExceptionHandler': Lookup method resolution failed
	at org.springframework.beans.factory.annotation.AutowiredAnnotationBeanPostProcessor.checkLookupMethods(AutowiredAnnotationBeanPostProcessor.java:482)
	at org.springframework.beans.factory.annotation.AutowiredAnnotationBeanPostProcessor.determineCandidateConstructors(AutowiredAnnotationBeanPostProcessor.java:352)
	at org.springframework.beans.factory.support.AbstractAutowireCapableBeanFactory.determineConstructorsFromBeanPostProcessors(AbstractAutowireCapableBeanFactory.java:1295)
	at org.springframework.beans.factory.support.AbstractAutowireCapableBeanFactory.createBeanInstance(AbstractAutowireCapableBeanFactory.java:1190)
	at org.springframework.beans.factory.support.AbstractAutowireCapableBeanFactory.doCreateBean(AbstractAutowireCapableBeanFactory.java:563)
	at org.springframework.beans.factory.support.AbstractAutowireCapableBeanFactory.createBean(AbstractAutowireCapableBeanFactory.java:523)
	at org.springframework.beans.factory.support.AbstractBeanFactory.lambda$doGetBean$0(AbstractBeanFactory.java:325)
	at org.springframework.beans.factory.support.DefaultSingletonBeanRegistry.getSingleton(DefaultSingletonBeanRegistry.java:234)
	at org.springframework.beans.factory.support.AbstractBeanFactory.doGetBean(AbstractBeanFactory.java:323)
	at org.springframework.beans.factory.support.AbstractBeanFactory.getBean(AbstractBeanFactory.java:199)
	at org.springframework.beans.factory.support.DefaultListableBeanFactory.preInstantiateSingletons(DefaultListableBeanFactory.java:973)
	at org.springframework.context.support.AbstractApplicationContext.finishBeanFactoryInitialization(AbstractApplicationContext.java:946)
	at org.springframework.context.support.AbstractApplicationContext.refresh(AbstractApplicationContext.java:616)
	at org.springframework.boot.SpringApplication.refresh(SpringApplication.java:753)
	at org.springframework.boot.SpringApplication.refreshContext(SpringApplication.java:455)
	at org.springframework.boot.SpringApplication.run(SpringApplication.java:323)
	at org.springframework.boot.SpringApplication.run(SpringApplication.java:1342)
	at org.springframework.boot.SpringApplication.run(SpringApplication.java:1331)
	at com.ig.projectname.ProjectNameApplicationKt.main(ProjectNameApplication.kt:19)
Caused by: java.lang.IllegalStateException: Failed to introspect Class [com.ig.core_backend.core.GlobalExceptionHandler] from ClassLoader [jdk.internal.loader.ClassLoaders$AppClassLoader@1d44bcfa]
	at org.springframework.util.ReflectionUtils.getDeclaredMethods(ReflectionUtils.java:483)
	at org.springframework.util.ReflectionUtils.doWithLocalMethods(ReflectionUtils.java:320)
	at org.springframework.beans.factory.annotation.AutowiredAnnotationBeanPostProcessor.checkLookupMethods(AutowiredAnnotationBeanPostProcessor.java:460)
	... 18 common frames omitted
Caused by: java.lang.NoClassDefFoundError: jakarta/servlet/ServletException
	at java.base/java.lang.ClassLoader.defineClass1(Native Method)
	at java.base/java.lang.ClassLoader.defineClass(ClassLoader.java:1012)
	at java.base/java.security.SecureClassLoader.defineClass(SecureClassLoader.java:150)
	at java.base/jdk.internal.loader.BuiltinClassLoader.defineClass(BuiltinClassLoader.java:862)
	at java.base/jdk.internal.loader.BuiltinClassLoader.findClassOnClassPathOrNull(BuiltinClassLoader.java:760)
	at java.base/jdk.internal.loader.BuiltinClassLoader.loadClassOrNull(BuiltinClassLoader.java:681)
	at java.base/jdk.internal.loader.BuiltinClassLoader.loadClass(BuiltinClassLoader.java:639)
	at java.base/jdk.internal.loader.ClassLoaders$AppClassLoader.loadClass(ClassLoaders.java:188)
	at java.base/java.lang.ClassLoader.loadClass(ClassLoader.java:520)
	at java.base/java.lang.Class.getDeclaredMethods0(Native Method)
	at java.base/java.lang.Class.privateGetDeclaredMethods(Class.java:3402)
	at java.base/java.lang.Class.getDeclaredMethods(Class.java:2504)
	at org.springframework.util.ReflectionUtils.getDeclaredMethods(ReflectionUtils.java:465)
	... 20 common frames omitted
Caused by: java.lang.ClassNotFoundException: jakarta.servlet.ServletException
	at java.base/jdk.internal.loader.BuiltinClassLoader.loadClass(BuiltinClassLoader.java:641)
	at java.base/jdk.internal.loader.ClassLoaders$AppClassLoader.loadClass(ClassLoaders.java:188)
	at java.base/java.lang.ClassLoader.loadClass(ClassLoader.java:520)
	... 33 common frames omitted
22-02-2024 17:02:28.468 [main] [APP_NAME_IS_UNDEFINED] INFO c.i.p.ProjectNameApplicationKt.logStarting - Starting ProjectNameApplicationKt using Java 17.0.10 with PID 23124 (C:\Users\Ayoung\Projects\Learn\kotlin-springboot\project-name\project-name\target\classes started by Ayoung in C:\Users\Ayoung\Projects\Learn\kotlin-springboot\project-name\project-name)
22-02-2024 17:02:28.472 [main] [APP_NAME_IS_UNDEFINED] INFO c.i.p.ProjectNameApplicationKt.logStartupProfileInfo - No active profile set, falling back to 1 default profile: "default"
22-02-2024 17:02:29.089 [main] [APP_NAME_IS_UNDEFINED] INFO o.s.d.r.c.RepositoryConfigurationDelegate.registerRepositoriesIn - Bootstrapping Spring Data JPA repositories in DEFAULT mode.
22-02-2024 17:02:29.105 [main] [APP_NAME_IS_UNDEFINED] INFO o.s.d.r.c.RepositoryConfigurationDelegate.registerRepositoriesIn - Finished Spring Data repository scanning in 5 ms. Found 0 JPA repository interfaces.
22-02-2024 17:02:29.942 [main] [APP_NAME_IS_UNDEFINED] INFO o.s.b.w.e.tomcat.TomcatWebServer.initialize - Tomcat initialized with port 8080 (http)
22-02-2024 17:02:29.950 [main] [APP_NAME_IS_UNDEFINED] INFO o.a.coyote.http11.Http11NioProtocol.log - Initializing ProtocolHandler ["http-nio-8080"]
22-02-2024 17:02:29.952 [main] [APP_NAME_IS_UNDEFINED] INFO o.a.catalina.core.StandardService.log - Starting service [Tomcat]
22-02-2024 17:02:29.952 [main] [APP_NAME_IS_UNDEFINED] INFO o.a.catalina.core.StandardEngine.log - Starting Servlet engine: [Apache Tomcat/10.1.16]
22-02-2024 17:02:30.013 [main] [APP_NAME_IS_UNDEFINED] INFO o.a.c.c.C.[Tomcat].[localhost].[/].log - Initializing Spring embedded WebApplicationContext
22-02-2024 17:02:30.014 [main] [APP_NAME_IS_UNDEFINED] INFO o.s.b.w.s.c.ServletWebServerApplicationContext.prepareWebApplicationContext - Root WebApplicationContext: initialization completed in 1484 ms
22-02-2024 17:02:30.220 [main] [APP_NAME_IS_UNDEFINED] INFO o.h.jpa.internal.util.LogHelper.logPersistenceUnitInformation - HHH000204: Processing PersistenceUnitInfo [name: default]
22-02-2024 17:02:30.284 [main] [APP_NAME_IS_UNDEFINED] INFO org.hibernate.Version.logVersion - HHH000412: Hibernate ORM core version 6.3.1.Final
22-02-2024 17:02:30.327 [main] [APP_NAME_IS_UNDEFINED] INFO o.h.c.i.RegionFactoryInitiator.initiateService - HHH000026: Second-level cache disabled
22-02-2024 17:02:30.562 [main] [APP_NAME_IS_UNDEFINED] INFO o.s.o.j.p.SpringPersistenceUnitInfo.addTransformer - No LoadTimeWeaver setup: ignoring JPA class transformer
22-02-2024 17:02:30.582 [main] [APP_NAME_IS_UNDEFINED] INFO com.zaxxer.hikari.HikariDataSource.getConnection - HikariPool-1 - Starting...
22-02-2024 17:02:30.722 [main] [APP_NAME_IS_UNDEFINED] INFO com.zaxxer.hikari.pool.HikariPool.checkFailFast - HikariPool-1 - Added connection org.postgresql.jdbc.PgConnection@775f15fd
22-02-2024 17:02:30.724 [main] [APP_NAME_IS_UNDEFINED] INFO com.zaxxer.hikari.HikariDataSource.getConnection - HikariPool-1 - Start completed.
22-02-2024 17:02:30.750 [main] [APP_NAME_IS_UNDEFINED] WARN org.hibernate.orm.deprecation.constructDialect - HHH90000025: PostgreSQLDialect does not need to be specified explicitly using 'hibernate.dialect' (remove the property setting and it will be selected by default)
22-02-2024 17:02:31.046 [main] [APP_NAME_IS_UNDEFINED] INFO o.h.e.t.j.p.i.JtaPlatformInitiator.initiateService - HHH000489: No JTA platform available (set 'hibernate.transaction.jta.platform' to enable JTA platform integration)
22-02-2024 17:02:31.050 [main] [APP_NAME_IS_UNDEFINED] INFO o.s.o.j.LocalContainerEntityManagerFactoryBean.buildNativeEntityManagerFactory - Initialized JPA EntityManagerFactory for persistence unit 'default'
22-02-2024 17:02:31.316 [main] [APP_NAME_IS_UNDEFINED] WARN o.s.b.a.o.j.JpaBaseConfiguration$JpaWebConfiguration.openEntityManagerInViewInterceptor - spring.jpa.open-in-view is enabled by default. Therefore, database queries may be performed during view rendering. Explicitly configure spring.jpa.open-in-view to disable this warning
22-02-2024 17:02:31.705 [main] [APP_NAME_IS_UNDEFINED] INFO o.a.coyote.http11.Http11NioProtocol.log - Starting ProtocolHandler ["http-nio-8080"]
22-02-2024 17:02:31.733 [main] [APP_NAME_IS_UNDEFINED] INFO o.s.b.w.e.tomcat.TomcatWebServer.start - Tomcat started on port 8080 (http) with context path ''
22-02-2024 17:02:31.741 [main] [APP_NAME_IS_UNDEFINED] INFO c.i.p.ProjectNameApplicationKt.logStarted - Started ProjectNameApplicationKt in 3.728 seconds (process running for 4.13)
22-02-2024 17:03:03.921 [SpringApplicationShutdownHook] [APP_NAME_IS_UNDEFINED] INFO o.s.o.j.LocalContainerEntityManagerFactoryBean.destroy - Closing JPA EntityManagerFactory for persistence unit 'default'
22-02-2024 17:03:03.924 [SpringApplicationShutdownHook] [APP_NAME_IS_UNDEFINED] INFO com.zaxxer.hikari.HikariDataSource.close - HikariPool-1 - Shutdown initiated...
22-02-2024 17:03:03.929 [SpringApplicationShutdownHook] [APP_NAME_IS_UNDEFINED] INFO com.zaxxer.hikari.HikariDataSource.close - HikariPool-1 - Shutdown completed.
22-02-2024 17:03:08.628 [main] [APP_NAME_IS_UNDEFINED] INFO c.i.p.ProjectNameApplicationKt.logStarting - Starting ProjectNameApplicationKt using Java 17.0.10 with PID 21448 (C:\Users\Ayoung\Projects\Learn\kotlin-springboot\project-name\project-name\target\classes started by Ayoung in C:\Users\Ayoung\Projects\Learn\kotlin-springboot\project-name\project-name)
22-02-2024 17:03:08.631 [main] [APP_NAME_IS_UNDEFINED] INFO c.i.p.ProjectNameApplicationKt.logStartupProfileInfo - No active profile set, falling back to 1 default profile: "default"
22-02-2024 17:03:09.407 [main] [APP_NAME_IS_UNDEFINED] INFO o.s.d.r.c.RepositoryConfigurationDelegate.registerRepositoriesIn - Bootstrapping Spring Data JPA repositories in DEFAULT mode.
22-02-2024 17:03:09.427 [main] [APP_NAME_IS_UNDEFINED] INFO o.s.d.r.c.RepositoryConfigurationDelegate.registerRepositoriesIn - Finished Spring Data repository scanning in 11 ms. Found 0 JPA repository interfaces.
22-02-2024 17:03:10.227 [main] [APP_NAME_IS_UNDEFINED] INFO o.s.b.w.e.tomcat.TomcatWebServer.initialize - Tomcat initialized with port 8080 (http)
22-02-2024 17:03:10.234 [main] [APP_NAME_IS_UNDEFINED] INFO o.a.coyote.http11.Http11NioProtocol.log - Initializing ProtocolHandler ["http-nio-8080"]
22-02-2024 17:03:10.237 [main] [APP_NAME_IS_UNDEFINED] INFO o.a.catalina.core.StandardService.log - Starting service [Tomcat]
22-02-2024 17:03:10.237 [main] [APP_NAME_IS_UNDEFINED] INFO o.a.catalina.core.StandardEngine.log - Starting Servlet engine: [Apache Tomcat/10.1.16]
22-02-2024 17:03:10.297 [main] [APP_NAME_IS_UNDEFINED] INFO o.a.c.c.C.[Tomcat].[localhost].[/].log - Initializing Spring embedded WebApplicationContext
22-02-2024 17:03:10.297 [main] [APP_NAME_IS_UNDEFINED] INFO o.s.b.w.s.c.ServletWebServerApplicationContext.prepareWebApplicationContext - Root WebApplicationContext: initialization completed in 1601 ms
22-02-2024 17:03:10.481 [main] [APP_NAME_IS_UNDEFINED] INFO o.h.jpa.internal.util.LogHelper.logPersistenceUnitInformation - HHH000204: Processing PersistenceUnitInfo [name: default]
22-02-2024 17:03:10.547 [main] [APP_NAME_IS_UNDEFINED] INFO org.hibernate.Version.logVersion - HHH000412: Hibernate ORM core version 6.3.1.Final
22-02-2024 17:03:10.594 [main] [APP_NAME_IS_UNDEFINED] INFO o.h.c.i.RegionFactoryInitiator.initiateService - HHH000026: Second-level cache disabled
22-02-2024 17:03:10.827 [main] [APP_NAME_IS_UNDEFINED] INFO o.s.o.j.p.SpringPersistenceUnitInfo.addTransformer - No LoadTimeWeaver setup: ignoring JPA class transformer
22-02-2024 17:03:10.850 [main] [APP_NAME_IS_UNDEFINED] INFO com.zaxxer.hikari.HikariDataSource.getConnection - HikariPool-1 - Starting...
22-02-2024 17:03:10.997 [main] [APP_NAME_IS_UNDEFINED] INFO com.zaxxer.hikari.pool.HikariPool.checkFailFast - HikariPool-1 - Added connection org.postgresql.jdbc.PgConnection@4228f269
22-02-2024 17:03:10.999 [main] [APP_NAME_IS_UNDEFINED] INFO com.zaxxer.hikari.HikariDataSource.getConnection - HikariPool-1 - Start completed.
22-02-2024 17:03:11.029 [main] [APP_NAME_IS_UNDEFINED] WARN org.hibernate.orm.deprecation.constructDialect - HHH90000025: PostgreSQLDialect does not need to be specified explicitly using 'hibernate.dialect' (remove the property setting and it will be selected by default)
22-02-2024 17:03:11.327 [main] [APP_NAME_IS_UNDEFINED] INFO o.h.e.t.j.p.i.JtaPlatformInitiator.initiateService - HHH000489: No JTA platform available (set 'hibernate.transaction.jta.platform' to enable JTA platform integration)
22-02-2024 17:03:11.332 [main] [APP_NAME_IS_UNDEFINED] INFO o.s.o.j.LocalContainerEntityManagerFactoryBean.buildNativeEntityManagerFactory - Initialized JPA EntityManagerFactory for persistence unit 'default'
22-02-2024 17:03:11.519 [main] [APP_NAME_IS_UNDEFINED] WARN o.s.b.a.o.j.JpaBaseConfiguration$JpaWebConfiguration.openEntityManagerInViewInterceptor - spring.jpa.open-in-view is enabled by default. Therefore, database queries may be performed during view rendering. Explicitly configure spring.jpa.open-in-view to disable this warning
22-02-2024 17:03:11.839 [main] [APP_NAME_IS_UNDEFINED] INFO o.a.coyote.http11.Http11NioProtocol.log - Starting ProtocolHandler ["http-nio-8080"]
22-02-2024 17:03:11.858 [main] [APP_NAME_IS_UNDEFINED] INFO o.s.b.w.e.tomcat.TomcatWebServer.start - Tomcat started on port 8080 (http) with context path ''
22-02-2024 17:03:11.865 [main] [APP_NAME_IS_UNDEFINED] INFO c.i.p.ProjectNameApplicationKt.logStarted - Started ProjectNameApplicationKt in 3.73 seconds (process running for 4.098)
22-02-2024 17:04:24.276 [http-nio-8080-exec-1] [APP_NAME_IS_UNDEFINED] INFO o.a.c.c.C.[Tomcat].[localhost].[/].log - Initializing Spring DispatcherServlet 'dispatcherServlet'
22-02-2024 17:04:24.276 [http-nio-8080-exec-1] [APP_NAME_IS_UNDEFINED] INFO o.s.web.servlet.DispatcherServlet.initServletBean - Initializing Servlet 'dispatcherServlet'
22-02-2024 17:04:24.278 [http-nio-8080-exec-1] [APP_NAME_IS_UNDEFINED] INFO o.s.web.servlet.DispatcherServlet.initServletBean - Completed initialization in 2 ms
22-02-2024 17:08:56.081 [SpringApplicationShutdownHook] [APP_NAME_IS_UNDEFINED] INFO o.s.o.j.LocalContainerEntityManagerFactoryBean.destroy - Closing JPA EntityManagerFactory for persistence unit 'default'
22-02-2024 17:08:56.083 [SpringApplicationShutdownHook] [APP_NAME_IS_UNDEFINED] INFO com.zaxxer.hikari.HikariDataSource.close - HikariPool-1 - Shutdown initiated...
22-02-2024 17:08:56.087 [SpringApplicationShutdownHook] [APP_NAME_IS_UNDEFINED] INFO com.zaxxer.hikari.HikariDataSource.close - HikariPool-1 - Shutdown completed.
22-02-2024 17:09:56.659 [main] [APP_NAME_IS_UNDEFINED] INFO c.i.p.ProjectNameApplicationKt.logStarting - Starting ProjectNameApplicationKt using Java 17.0.10 with PID 29076 (C:\Users\Ayoung\Projects\Learn\kotlin-springboot\project-name\project-name\target\classes started by Ayoung in C:\Users\Ayoung\Projects\Learn\kotlin-springboot\project-name\project-name)
22-02-2024 17:09:56.662 [main] [APP_NAME_IS_UNDEFINED] INFO c.i.p.ProjectNameApplicationKt.logStartupProfileInfo - No active profile set, falling back to 1 default profile: "default"
22-02-2024 17:09:57.315 [main] [APP_NAME_IS_UNDEFINED] INFO o.s.d.r.c.RepositoryConfigurationDelegate.registerRepositoriesIn - Bootstrapping Spring Data JPA repositories in DEFAULT mode.
22-02-2024 17:09:57.333 [main] [APP_NAME_IS_UNDEFINED] INFO o.s.d.r.c.RepositoryConfigurationDelegate.registerRepositoriesIn - Finished Spring Data repository scanning in 4 ms. Found 0 JPA repository interfaces.
22-02-2024 17:09:58.105 [main] [APP_NAME_IS_UNDEFINED] INFO o.s.b.w.e.tomcat.TomcatWebServer.initialize - Tomcat initialized with port 8080 (http)
22-02-2024 17:09:58.112 [main] [APP_NAME_IS_UNDEFINED] INFO o.a.coyote.http11.Http11NioProtocol.log - Initializing ProtocolHandler ["http-nio-8080"]
22-02-2024 17:09:58.115 [main] [APP_NAME_IS_UNDEFINED] INFO o.a.catalina.core.StandardService.log - Starting service [Tomcat]
22-02-2024 17:09:58.115 [main] [APP_NAME_IS_UNDEFINED] INFO o.a.catalina.core.StandardEngine.log - Starting Servlet engine: [Apache Tomcat/10.1.16]
22-02-2024 17:09:58.168 [main] [APP_NAME_IS_UNDEFINED] INFO o.a.c.c.C.[Tomcat].[localhost].[/].log - Initializing Spring embedded WebApplicationContext
22-02-2024 17:09:58.170 [main] [APP_NAME_IS_UNDEFINED] INFO o.s.b.w.s.c.ServletWebServerApplicationContext.prepareWebApplicationContext - Root WebApplicationContext: initialization completed in 1447 ms
22-02-2024 17:09:58.403 [main] [APP_NAME_IS_UNDEFINED] INFO o.h.jpa.internal.util.LogHelper.logPersistenceUnitInformation - HHH000204: Processing PersistenceUnitInfo [name: default]
22-02-2024 17:09:58.467 [main] [APP_NAME_IS_UNDEFINED] INFO org.hibernate.Version.logVersion - HHH000412: Hibernate ORM core version 6.3.1.Final
22-02-2024 17:09:58.504 [main] [APP_NAME_IS_UNDEFINED] INFO o.h.c.i.RegionFactoryInitiator.initiateService - HHH000026: Second-level cache disabled
22-02-2024 17:09:58.804 [main] [APP_NAME_IS_UNDEFINED] INFO o.s.o.j.p.SpringPersistenceUnitInfo.addTransformer - No LoadTimeWeaver setup: ignoring JPA class transformer
22-02-2024 17:09:58.834 [main] [APP_NAME_IS_UNDEFINED] INFO com.zaxxer.hikari.HikariDataSource.getConnection - HikariPool-1 - Starting...
22-02-2024 17:09:59.003 [main] [APP_NAME_IS_UNDEFINED] INFO com.zaxxer.hikari.pool.HikariPool.checkFailFast - HikariPool-1 - Added connection org.postgresql.jdbc.PgConnection@13aed42b
22-02-2024 17:09:59.006 [main] [APP_NAME_IS_UNDEFINED] INFO com.zaxxer.hikari.HikariDataSource.getConnection - HikariPool-1 - Start completed.
22-02-2024 17:09:59.039 [main] [APP_NAME_IS_UNDEFINED] WARN org.hibernate.orm.deprecation.constructDialect - HHH90000025: PostgreSQLDialect does not need to be specified explicitly using 'hibernate.dialect' (remove the property setting and it will be selected by default)
22-02-2024 17:09:59.343 [main] [APP_NAME_IS_UNDEFINED] INFO o.h.e.t.j.p.i.JtaPlatformInitiator.initiateService - HHH000489: No JTA platform available (set 'hibernate.transaction.jta.platform' to enable JTA platform integration)
22-02-2024 17:09:59.349 [main] [APP_NAME_IS_UNDEFINED] INFO o.s.o.j.LocalContainerEntityManagerFactoryBean.buildNativeEntityManagerFactory - Initialized JPA EntityManagerFactory for persistence unit 'default'
22-02-2024 17:09:59.487 [main] [APP_NAME_IS_UNDEFINED] WARN o.s.b.a.o.j.JpaBaseConfiguration$JpaWebConfiguration.openEntityManagerInViewInterceptor - spring.jpa.open-in-view is enabled by default. Therefore, database queries may be performed during view rendering. Explicitly configure spring.jpa.open-in-view to disable this warning
22-02-2024 17:09:59.852 [main] [APP_NAME_IS_UNDEFINED] INFO o.a.coyote.http11.Http11NioProtocol.log - Starting ProtocolHandler ["http-nio-8080"]
22-02-2024 17:09:59.876 [main] [APP_NAME_IS_UNDEFINED] INFO o.s.b.w.e.tomcat.TomcatWebServer.start - Tomcat started on port 8080 (http) with context path ''
22-02-2024 17:09:59.885 [main] [APP_NAME_IS_UNDEFINED] INFO c.i.p.ProjectNameApplicationKt.logStarted - Started ProjectNameApplicationKt in 3.7 seconds (process running for 4.056)
22-02-2024 17:10:10.536 [http-nio-8080-exec-1] [APP_NAME_IS_UNDEFINED] INFO o.a.c.c.C.[Tomcat].[localhost].[/].log - Initializing Spring DispatcherServlet 'dispatcherServlet'
22-02-2024 17:10:10.537 [http-nio-8080-exec-1] [APP_NAME_IS_UNDEFINED] INFO o.s.web.servlet.DispatcherServlet.initServletBean - Initializing Servlet 'dispatcherServlet'
22-02-2024 17:10:10.538 [http-nio-8080-exec-1] [APP_NAME_IS_UNDEFINED] INFO o.s.web.servlet.DispatcherServlet.initServletBean - Completed initialization in 1 ms
22-02-2024 17:47:08.675 [HikariPool-1 housekeeper] [APP_NAME_IS_UNDEFINED] WARN com.zaxxer.hikari.pool.HikariPool.run - HikariPool-1 - Thread starvation or clock leap detected (housekeeper delta=2m9s86ms146s100ns).
22-02-2024 23:07:34.896 [HikariPool-1 housekeeper] [APP_NAME_IS_UNDEFINED] WARN com.zaxxer.hikari.pool.HikariPool.run - HikariPool-1 - Thread starvation or clock leap detected (housekeeper delta=4h56s985ms901s).
